{"/Users/guizaps/Code/DB/e-commerce-api-tests/src/server/app/pool.js": {"path":"/Users/guizaps/Code/DB/e-commerce-api-tests/src/server/app/pool.js","statementMap":{"0":{"start":{"line":1,"column":0},"end":{"line":1,"column":26}},"1":{"start":{"line":2,"column":13},"end":{"line":2,"column":31}},"2":{"start":{"line":4,"column":21},"end":{"line":4,"column":58}},"3":{"start":{"line":6,"column":25},"end":{"line":6,"column":158}},"4":{"start":{"line":8,"column":13},"end":{"line":13,"column":2}},"5":{"start":{"line":15,"column":0},"end":{"line":15,"column":21}}},"fnMap":{},"branchMap":{"0":{"loc":{"start":{"line":9,"column":19},"end":{"line":9,"column":77}},"type":"cond-expr","locations":[{"start":{"line":9,"column":34},"end":{"line":9,"column":58}},{"start":{"line":9,"column":61},"end":{"line":9,"column":77}}],"line":9}},"s":{"0":4,"1":4,"2":4,"3":4,"4":4,"5":4},"f":{},"b":{"0":[0,4]},"_coverageSchema":"1a1c01bbd47fc00a2c39e90264f33305004495a9","hash":"5a390e02a092381c1a21cf4227967cad40b1a693"}
,"/Users/guizaps/Code/DB/e-commerce-api-tests/src/server/app/server.js": {"path":"/Users/guizaps/Code/DB/e-commerce-api-tests/src/server/app/server.js","statementMap":{"0":{"start":{"line":1,"column":16},"end":{"line":1,"column":34}},"1":{"start":{"line":2,"column":12},"end":{"line":2,"column":21}},"2":{"start":{"line":4,"column":0},"end":{"line":4,"column":26}},"3":{"start":{"line":5,"column":19},"end":{"line":5,"column":41}},"4":{"start":{"line":6,"column":13},"end":{"line":6,"column":28}},"5":{"start":{"line":7,"column":16},"end":{"line":7,"column":42}},"6":{"start":{"line":10,"column":20},"end":{"line":10,"column":45}},"7":{"start":{"line":11,"column":19},"end":{"line":11,"column":44}},"8":{"start":{"line":12,"column":23},"end":{"line":12,"column":52}},"9":{"start":{"line":14,"column":0},"end":{"line":14,"column":26}},"10":{"start":{"line":15,"column":0},"end":{"line":17,"column":3}},"11":{"start":{"line":18,"column":0},"end":{"line":18,"column":15}},"12":{"start":{"line":19,"column":0},"end":{"line":30,"column":3}},"13":{"start":{"line":33,"column":0},"end":{"line":33,"column":30}},"14":{"start":{"line":34,"column":0},"end":{"line":34,"column":28}},"15":{"start":{"line":35,"column":0},"end":{"line":35,"column":36}},"16":{"start":{"line":37,"column":0},"end":{"line":37,"column":20}}},"fnMap":{},"branchMap":{"0":{"loc":{"start":{"line":28,"column":14},"end":{"line":28,"column":54}},"type":"cond-expr","locations":[{"start":{"line":28,"column":40},"end":{"line":28,"column":46}},{"start":{"line":28,"column":49},"end":{"line":28,"column":54}}],"line":28}},"s":{"0":4,"1":4,"2":4,"3":4,"4":4,"5":4,"6":4,"7":4,"8":4,"9":4,"10":4,"11":4,"12":4,"13":4,"14":4,"15":4,"16":4},"f":{},"b":{"0":[0,4]},"_coverageSchema":"1a1c01bbd47fc00a2c39e90264f33305004495a9","hash":"6c702836e3bd1b8627ac4a3b267a3746888b2092"}
,"/Users/guizaps/Code/DB/e-commerce-api-tests/src/server/routes/cart.js": {"path":"/Users/guizaps/Code/DB/e-commerce-api-tests/src/server/routes/cart.js","statementMap":{"0":{"start":{"line":1,"column":19},"end":{"line":1,"column":46}},"1":{"start":{"line":2,"column":18},"end":{"line":2,"column":58}},"2":{"start":{"line":4,"column":18},"end":{"line":4,"column":63}},"3":{"start":{"line":5,"column":22},"end":{"line":5,"column":49}},"4":{"start":{"line":7,"column":18},"end":{"line":7,"column":63}},"5":{"start":{"line":8,"column":22},"end":{"line":8,"column":48}},"6":{"start":{"line":10,"column":0},"end":{"line":27,"column":2}},"7":{"start":{"line":12,"column":16},"end":{"line":12,"column":30}},"8":{"start":{"line":14,"column":1},"end":{"line":18,"column":2}},"9":{"start":{"line":16,"column":2},"end":{"line":16,"column":53}},"10":{"start":{"line":17,"column":2},"end":{"line":17,"column":40}},"11":{"start":{"line":20,"column":1},"end":{"line":24,"column":2}},"12":{"start":{"line":22,"column":2},"end":{"line":22,"column":53}},"13":{"start":{"line":23,"column":2},"end":{"line":23,"column":40}},"14":{"start":{"line":26,"column":1},"end":{"line":26,"column":55}},"15":{"start":{"line":29,"column":0},"end":{"line":67,"column":2}},"16":{"start":{"line":30,"column":16},"end":{"line":30,"column":30}},"17":{"start":{"line":31,"column":17},"end":{"line":31,"column":28}},"18":{"start":{"line":32,"column":20},"end":{"line":32,"column":28}},"19":{"start":{"line":34,"column":1},"end":{"line":36,"column":2}},"20":{"start":{"line":35,"column":2},"end":{"line":35,"column":52}},"21":{"start":{"line":38,"column":1},"end":{"line":47,"column":2}},"22":{"start":{"line":39,"column":22},"end":{"line":39,"column":71}},"23":{"start":{"line":40,"column":2},"end":{"line":46,"column":3}},"24":{"start":{"line":41,"column":20},"end":{"line":41,"column":60}},"25":{"start":{"line":42,"column":3},"end":{"line":42,"column":45}},"26":{"start":{"line":44,"column":17},"end":{"line":44,"column":59}},"27":{"start":{"line":45,"column":3},"end":{"line":45,"column":42}},"28":{"start":{"line":49,"column":1},"end":{"line":58,"column":2}},"29":{"start":{"line":50,"column":22},"end":{"line":50,"column":71}},"30":{"start":{"line":51,"column":2},"end":{"line":57,"column":3}},"31":{"start":{"line":52,"column":20},"end":{"line":52,"column":60}},"32":{"start":{"line":53,"column":3},"end":{"line":53,"column":45}},"33":{"start":{"line":55,"column":17},"end":{"line":55,"column":59}},"34":{"start":{"line":56,"column":3},"end":{"line":56,"column":42}},"35":{"start":{"line":60,"column":1},"end":{"line":66,"column":2}},"36":{"start":{"line":61,"column":22},"end":{"line":61,"column":64}},"37":{"start":{"line":62,"column":15},"end":{"line":62,"column":78}},"38":{"start":{"line":63,"column":2},"end":{"line":65,"column":62}},"39":{"start":{"line":69,"column":0},"end":{"line":97,"column":2}},"40":{"start":{"line":70,"column":20},"end":{"line":70,"column":28}},"41":{"start":{"line":71,"column":16},"end":{"line":71,"column":30}},"42":{"start":{"line":72,"column":17},"end":{"line":72,"column":28}},"43":{"start":{"line":74,"column":1},"end":{"line":76,"column":2}},"44":{"start":{"line":75,"column":2},"end":{"line":75,"column":52}},"45":{"start":{"line":78,"column":1},"end":{"line":80,"column":2}},"46":{"start":{"line":79,"column":2},"end":{"line":79,"column":56}},"47":{"start":{"line":82,"column":1},"end":{"line":88,"column":2}},"48":{"start":{"line":83,"column":18},"end":{"line":83,"column":66}},"49":{"start":{"line":84,"column":2},"end":{"line":86,"column":3}},"50":{"start":{"line":85,"column":3},"end":{"line":85,"column":63}},"51":{"start":{"line":87,"column":2},"end":{"line":87,"column":43}},"52":{"start":{"line":90,"column":1},"end":{"line":96,"column":2}},"53":{"start":{"line":91,"column":18},"end":{"line":91,"column":66}},"54":{"start":{"line":92,"column":2},"end":{"line":94,"column":3}},"55":{"start":{"line":93,"column":3},"end":{"line":93,"column":44}},"56":{"start":{"line":95,"column":2},"end":{"line":95,"column":43}},"57":{"start":{"line":99,"column":0},"end":{"line":99,"column":27}}},"fnMap":{"0":{"name":"(anonymous_0)","decl":{"start":{"line":10,"column":39},"end":{"line":10,"column":40}},"loc":{"start":{"line":10,"column":59},"end":{"line":27,"column":1}},"line":10},"1":{"name":"(anonymous_1)","decl":{"start":{"line":29,"column":35},"end":{"line":29,"column":36}},"loc":{"start":{"line":29,"column":55},"end":{"line":67,"column":1}},"line":29},"2":{"name":"(anonymous_2)","decl":{"start":{"line":69,"column":34},"end":{"line":69,"column":35}},"loc":{"start":{"line":69,"column":54},"end":{"line":97,"column":1}},"line":69}},"branchMap":{"0":{"loc":{"start":{"line":14,"column":1},"end":{"line":18,"column":2}},"type":"if","locations":[{"start":{"line":14,"column":1},"end":{"line":18,"column":2}},{"start":{},"end":{}}],"line":14},"1":{"loc":{"start":{"line":20,"column":1},"end":{"line":24,"column":2}},"type":"if","locations":[{"start":{"line":20,"column":1},"end":{"line":24,"column":2}},{"start":{},"end":{}}],"line":20},"2":{"loc":{"start":{"line":34,"column":1},"end":{"line":36,"column":2}},"type":"if","locations":[{"start":{"line":34,"column":1},"end":{"line":36,"column":2}},{"start":{},"end":{}}],"line":34},"3":{"loc":{"start":{"line":38,"column":1},"end":{"line":47,"column":2}},"type":"if","locations":[{"start":{"line":38,"column":1},"end":{"line":47,"column":2}},{"start":{},"end":{}}],"line":38},"4":{"loc":{"start":{"line":40,"column":2},"end":{"line":46,"column":3}},"type":"if","locations":[{"start":{"line":40,"column":2},"end":{"line":46,"column":3}},{"start":{"line":43,"column":9},"end":{"line":46,"column":3}}],"line":40},"5":{"loc":{"start":{"line":49,"column":1},"end":{"line":58,"column":2}},"type":"if","locations":[{"start":{"line":49,"column":1},"end":{"line":58,"column":2}},{"start":{},"end":{}}],"line":49},"6":{"loc":{"start":{"line":51,"column":2},"end":{"line":57,"column":3}},"type":"if","locations":[{"start":{"line":51,"column":2},"end":{"line":57,"column":3}},{"start":{"line":54,"column":9},"end":{"line":57,"column":3}}],"line":51},"7":{"loc":{"start":{"line":60,"column":1},"end":{"line":66,"column":2}},"type":"if","locations":[{"start":{"line":60,"column":1},"end":{"line":66,"column":2}},{"start":{},"end":{}}],"line":60},"8":{"loc":{"start":{"line":74,"column":1},"end":{"line":76,"column":2}},"type":"if","locations":[{"start":{"line":74,"column":1},"end":{"line":76,"column":2}},{"start":{},"end":{}}],"line":74},"9":{"loc":{"start":{"line":78,"column":1},"end":{"line":80,"column":2}},"type":"if","locations":[{"start":{"line":78,"column":1},"end":{"line":80,"column":2}},{"start":{},"end":{}}],"line":78},"10":{"loc":{"start":{"line":82,"column":1},"end":{"line":88,"column":2}},"type":"if","locations":[{"start":{"line":82,"column":1},"end":{"line":88,"column":2}},{"start":{},"end":{}}],"line":82},"11":{"loc":{"start":{"line":84,"column":2},"end":{"line":86,"column":3}},"type":"if","locations":[{"start":{"line":84,"column":2},"end":{"line":86,"column":3}},{"start":{},"end":{}}],"line":84},"12":{"loc":{"start":{"line":90,"column":1},"end":{"line":96,"column":2}},"type":"if","locations":[{"start":{"line":90,"column":1},"end":{"line":96,"column":2}},{"start":{},"end":{}}],"line":90},"13":{"loc":{"start":{"line":92,"column":2},"end":{"line":94,"column":3}},"type":"if","locations":[{"start":{"line":92,"column":2},"end":{"line":94,"column":3}},{"start":{},"end":{}}],"line":92}},"s":{"0":4,"1":4,"2":4,"3":4,"4":4,"5":4,"6":4,"7":0,"8":0,"9":0,"10":0,"11":0,"12":0,"13":0,"14":0,"15":4,"16":0,"17":0,"18":0,"19":0,"20":0,"21":0,"22":0,"23":0,"24":0,"25":0,"26":0,"27":0,"28":0,"29":0,"30":0,"31":0,"32":0,"33":0,"34":0,"35":0,"36":0,"37":0,"38":0,"39":4,"40":0,"41":0,"42":0,"43":0,"44":0,"45":0,"46":0,"47":0,"48":0,"49":0,"50":0,"51":0,"52":0,"53":0,"54":0,"55":0,"56":0,"57":4},"f":{"0":0,"1":0,"2":0},"b":{"0":[0,0],"1":[0,0],"2":[0,0],"3":[0,0],"4":[0,0],"5":[0,0],"6":[0,0],"7":[0,0],"8":[0,0],"9":[0,0],"10":[0,0],"11":[0,0],"12":[0,0],"13":[0,0]},"_coverageSchema":"1a1c01bbd47fc00a2c39e90264f33305004495a9","hash":"0c12c4c2f739fd1ac80fcf2a6527e9d92d12f1ce"}
,"/Users/guizaps/Code/DB/e-commerce-api-tests/src/server/routes/products.js": {"path":"/Users/guizaps/Code/DB/e-commerce-api-tests/src/server/routes/products.js","statementMap":{"0":{"start":{"line":1,"column":23},"end":{"line":1,"column":50}},"1":{"start":{"line":3,"column":18},"end":{"line":3,"column":58}},"2":{"start":{"line":4,"column":22},"end":{"line":4,"column":44}},"3":{"start":{"line":6,"column":0},"end":{"line":10,"column":2}},"4":{"start":{"line":7,"column":14},"end":{"line":7,"column":39}},"5":{"start":{"line":8,"column":18},"end":{"line":8,"column":57}},"6":{"start":{"line":9,"column":1},"end":{"line":9,"column":43}},"7":{"start":{"line":12,"column":0},"end":{"line":15,"column":2}},"8":{"start":{"line":13,"column":20},"end":{"line":13,"column":54}},"9":{"start":{"line":14,"column":1},"end":{"line":14,"column":40}},"10":{"start":{"line":17,"column":0},"end":{"line":17,"column":31}}},"fnMap":{"0":{"name":"(anonymous_0)","decl":{"start":{"line":6,"column":36},"end":{"line":6,"column":37}},"loc":{"start":{"line":6,"column":56},"end":{"line":10,"column":1}},"line":6},"1":{"name":"(anonymous_1)","decl":{"start":{"line":12,"column":29},"end":{"line":12,"column":30}},"loc":{"start":{"line":12,"column":49},"end":{"line":15,"column":1}},"line":12}},"branchMap":{},"s":{"0":4,"1":4,"2":4,"3":4,"4":3,"5":3,"6":0,"7":4,"8":1,"9":0,"10":4},"f":{"0":3,"1":1},"b":{},"_coverageSchema":"1a1c01bbd47fc00a2c39e90264f33305004495a9","hash":"4fdece50f116aa81ce2ceebf01caf1f6b0e0fe7c"}
,"/Users/guizaps/Code/DB/e-commerce-api-tests/src/server/routes/user.js": {"path":"/Users/guizaps/Code/DB/e-commerce-api-tests/src/server/routes/user.js","statementMap":{"0":{"start":{"line":1,"column":20},"end":{"line":1,"column":47}},"1":{"start":{"line":2,"column":15},"end":{"line":2,"column":32}},"2":{"start":{"line":3,"column":21},"end":{"line":3,"column":64}},"3":{"start":{"line":4,"column":18},"end":{"line":4,"column":58}},"4":{"start":{"line":5,"column":22},"end":{"line":5,"column":66}},"5":{"start":{"line":6,"column":18},"end":{"line":6,"column":58}},"6":{"start":{"line":7,"column":14},"end":{"line":7,"column":50}},"7":{"start":{"line":8,"column":18},"end":{"line":8,"column":36}},"8":{"start":{"line":10,"column":17},"end":{"line":10,"column":62}},"9":{"start":{"line":11,"column":22},"end":{"line":11,"column":48}},"10":{"start":{"line":13,"column":17},"end":{"line":13,"column":62}},"11":{"start":{"line":14,"column":22},"end":{"line":14,"column":47}},"12":{"start":{"line":16,"column":0},"end":{"line":56,"column":2}},"13":{"start":{"line":17,"column":1},"end":{"line":55,"column":2}},"14":{"start":{"line":18,"column":47},"end":{"line":18,"column":55}},"15":{"start":{"line":20,"column":2},"end":{"line":22,"column":3}},"16":{"start":{"line":21,"column":3},"end":{"line":21,"column":54}},"17":{"start":{"line":24,"column":18},"end":{"line":24,"column":55}},"18":{"start":{"line":25,"column":2},"end":{"line":27,"column":3}},"19":{"start":{"line":26,"column":3},"end":{"line":26,"column":57}},"20":{"start":{"line":29,"column":25},"end":{"line":29,"column":55}},"21":{"start":{"line":33,"column":2},"end":{"line":47,"column":3}},"22":{"start":{"line":34,"column":3},"end":{"line":39,"column":4}},"23":{"start":{"line":40,"column":24},"end":{"line":43,"column":4}},"24":{"start":{"line":44,"column":23},"end":{"line":44,"column":70}},"25":{"start":{"line":46,"column":3},"end":{"line":46,"column":71}},"26":{"start":{"line":49,"column":16},"end":{"line":49,"column":48}},"27":{"start":{"line":50,"column":18},"end":{"line":50,"column":38}},"28":{"start":{"line":51,"column":2},"end":{"line":51,"column":49}},"29":{"start":{"line":53,"column":2},"end":{"line":53,"column":28}},"30":{"start":{"line":54,"column":2},"end":{"line":54,"column":38}},"31":{"start":{"line":58,"column":0},"end":{"line":110,"column":2}},"32":{"start":{"line":59,"column":1},"end":{"line":109,"column":2}},"33":{"start":{"line":60,"column":30},"end":{"line":60,"column":38}},"34":{"start":{"line":62,"column":15},"end":{"line":62,"column":52}},"35":{"start":{"line":64,"column":2},"end":{"line":66,"column":3}},"36":{"start":{"line":65,"column":3},"end":{"line":65,"column":64}},"37":{"start":{"line":68,"column":24},"end":{"line":68,"column":77}},"38":{"start":{"line":70,"column":2},"end":{"line":72,"column":3}},"39":{"start":{"line":71,"column":3},"end":{"line":71,"column":64}},"40":{"start":{"line":74,"column":16},"end":{"line":74,"column":45}},"41":{"start":{"line":75,"column":18},"end":{"line":75,"column":35}},"42":{"start":{"line":77,"column":2},"end":{"line":103,"column":3}},"43":{"start":{"line":78,"column":24},"end":{"line":78,"column":35}},"44":{"start":{"line":80,"column":24},"end":{"line":80,"column":74}},"45":{"start":{"line":82,"column":3},"end":{"line":100,"column":4}},"46":{"start":{"line":83,"column":24},"end":{"line":86,"column":5}},"47":{"start":{"line":87,"column":4},"end":{"line":99,"column":5}},"48":{"start":{"line":88,"column":22},"end":{"line":92,"column":6}},"49":{"start":{"line":94,"column":19},"end":{"line":98,"column":6}},"50":{"start":{"line":102,"column":23},"end":{"line":102,"column":71}},"51":{"start":{"line":105,"column":2},"end":{"line":105,"column":49}},"52":{"start":{"line":107,"column":2},"end":{"line":107,"column":28}},"53":{"start":{"line":108,"column":2},"end":{"line":108,"column":45}},"54":{"start":{"line":112,"column":0},"end":{"line":119,"column":2}},"55":{"start":{"line":113,"column":1},"end":{"line":118,"column":2}},"56":{"start":{"line":114,"column":2},"end":{"line":114,"column":23}},"57":{"start":{"line":116,"column":2},"end":{"line":116,"column":28}},"58":{"start":{"line":117,"column":2},"end":{"line":117,"column":45}},"59":{"start":{"line":121,"column":0},"end":{"line":129,"column":2}},"60":{"start":{"line":122,"column":1},"end":{"line":128,"column":2}},"61":{"start":{"line":123,"column":15},"end":{"line":123,"column":52}},"62":{"start":{"line":124,"column":2},"end":{"line":124,"column":31}},"63":{"start":{"line":126,"column":2},"end":{"line":126,"column":28}},"64":{"start":{"line":127,"column":2},"end":{"line":127,"column":45}},"65":{"start":{"line":131,"column":0},"end":{"line":131,"column":28}}},"fnMap":{"0":{"name":"(anonymous_0)","decl":{"start":{"line":16,"column":52},"end":{"line":16,"column":53}},"loc":{"start":{"line":16,"column":72},"end":{"line":56,"column":1}},"line":16},"1":{"name":"(anonymous_1)","decl":{"start":{"line":58,"column":49},"end":{"line":58,"column":50}},"loc":{"start":{"line":58,"column":69},"end":{"line":110,"column":1}},"line":58},"2":{"name":"(anonymous_2)","decl":{"start":{"line":112,"column":45},"end":{"line":112,"column":46}},"loc":{"start":{"line":112,"column":65},"end":{"line":119,"column":1}},"line":112},"3":{"name":"(anonymous_3)","decl":{"start":{"line":121,"column":45},"end":{"line":121,"column":46}},"loc":{"start":{"line":121,"column":65},"end":{"line":129,"column":1}},"line":121}},"branchMap":{"0":{"loc":{"start":{"line":20,"column":2},"end":{"line":22,"column":3}},"type":"if","locations":[{"start":{"line":20,"column":2},"end":{"line":22,"column":3}},{"start":{},"end":{}}],"line":20},"1":{"loc":{"start":{"line":25,"column":2},"end":{"line":27,"column":3}},"type":"if","locations":[{"start":{"line":25,"column":2},"end":{"line":27,"column":3}},{"start":{},"end":{}}],"line":25},"2":{"loc":{"start":{"line":33,"column":2},"end":{"line":47,"column":3}},"type":"if","locations":[{"start":{"line":33,"column":2},"end":{"line":47,"column":3}},{"start":{"line":45,"column":9},"end":{"line":47,"column":3}}],"line":33},"3":{"loc":{"start":{"line":64,"column":2},"end":{"line":66,"column":3}},"type":"if","locations":[{"start":{"line":64,"column":2},"end":{"line":66,"column":3}},{"start":{},"end":{}}],"line":64},"4":{"loc":{"start":{"line":70,"column":2},"end":{"line":72,"column":3}},"type":"if","locations":[{"start":{"line":70,"column":2},"end":{"line":72,"column":3}},{"start":{},"end":{}}],"line":70},"5":{"loc":{"start":{"line":77,"column":2},"end":{"line":103,"column":3}},"type":"if","locations":[{"start":{"line":77,"column":2},"end":{"line":103,"column":3}},{"start":{},"end":{}}],"line":77},"6":{"loc":{"start":{"line":87,"column":4},"end":{"line":99,"column":5}},"type":"if","locations":[{"start":{"line":87,"column":4},"end":{"line":99,"column":5}},{"start":{"line":93,"column":11},"end":{"line":99,"column":5}}],"line":87}},"s":{"0":4,"1":4,"2":4,"3":4,"4":4,"5":4,"6":4,"7":4,"8":4,"9":4,"10":4,"11":4,"12":4,"13":0,"14":0,"15":0,"16":0,"17":0,"18":0,"19":0,"20":0,"21":0,"22":0,"23":0,"24":0,"25":0,"26":0,"27":0,"28":0,"29":0,"30":0,"31":4,"32":0,"33":0,"34":0,"35":0,"36":0,"37":0,"38":0,"39":0,"40":0,"41":0,"42":0,"43":0,"44":0,"45":0,"46":0,"47":0,"48":0,"49":0,"50":0,"51":0,"52":0,"53":0,"54":4,"55":0,"56":0,"57":0,"58":0,"59":4,"60":0,"61":0,"62":0,"63":0,"64":0,"65":4},"f":{"0":0,"1":0,"2":0,"3":0},"b":{"0":[0,0],"1":[0,0],"2":[0,0],"3":[0,0],"4":[0,0],"5":[0,0],"6":[0,0]},"_coverageSchema":"1a1c01bbd47fc00a2c39e90264f33305004495a9","hash":"499a3a3ac4b4c6ec49e7dd44ce7cbf54047e80e0"}
,"/Users/guizaps/Code/DB/e-commerce-api-tests/src/server/utils/middleware/authorization.js": {"path":"/Users/guizaps/Code/DB/e-commerce-api-tests/src/server/utils/middleware/authorization.js","statementMap":{"0":{"start":{"line":1,"column":12},"end":{"line":1,"column":35}},"1":{"start":{"line":2,"column":0},"end":{"line":2,"column":26}},"2":{"start":{"line":4,"column":0},"end":{"line":21,"column":1}},"3":{"start":{"line":5,"column":1},"end":{"line":20,"column":2}},"4":{"start":{"line":6,"column":19},"end":{"line":6,"column":38}},"5":{"start":{"line":8,"column":2},"end":{"line":10,"column":3}},"6":{"start":{"line":9,"column":3},"end":{"line":9,"column":48}},"7":{"start":{"line":12,"column":18},"end":{"line":12,"column":62}},"8":{"start":{"line":14,"column":2},"end":{"line":14,"column":25}},"9":{"start":{"line":16,"column":2},"end":{"line":16,"column":8}},"10":{"start":{"line":18,"column":2},"end":{"line":18,"column":28}},"11":{"start":{"line":19,"column":2},"end":{"line":19,"column":40}}},"fnMap":{"0":{"name":"(anonymous_0)","decl":{"start":{"line":4,"column":17},"end":{"line":4,"column":18}},"loc":{"start":{"line":4,"column":43},"end":{"line":21,"column":1}},"line":4}},"branchMap":{"0":{"loc":{"start":{"line":8,"column":2},"end":{"line":10,"column":3}},"type":"if","locations":[{"start":{"line":8,"column":2},"end":{"line":10,"column":3}},{"start":{},"end":{}}],"line":8}},"s":{"0":4,"1":4,"2":4,"3":0,"4":0,"5":0,"6":0,"7":0,"8":0,"9":0,"10":0,"11":0},"f":{"0":0},"b":{"0":[0,0]},"_coverageSchema":"1a1c01bbd47fc00a2c39e90264f33305004495a9","hash":"ba9f88ddf64ade8265365b1b5b0f3a6ea025779d"}
,"/Users/guizaps/Code/DB/e-commerce-api-tests/src/server/utils/middleware/checkCart.js": {"path":"/Users/guizaps/Code/DB/e-commerce-api-tests/src/server/utils/middleware/checkCart.js","statementMap":{"0":{"start":{"line":1,"column":0},"end":{"line":25,"column":1}},"1":{"start":{"line":2,"column":1},"end":{"line":24,"column":2}},"2":{"start":{"line":3,"column":18},"end":{"line":3,"column":39}},"3":{"start":{"line":4,"column":23},"end":{"line":4,"column":49}},"4":{"start":{"line":6,"column":2},"end":{"line":9,"column":3}},"5":{"start":{"line":7,"column":3},"end":{"line":7,"column":24}},"6":{"start":{"line":8,"column":3},"end":{"line":8,"column":31}},"7":{"start":{"line":11,"column":2},"end":{"line":14,"column":3}},"8":{"start":{"line":12,"column":3},"end":{"line":12,"column":29}},"9":{"start":{"line":13,"column":3},"end":{"line":13,"column":31}},"10":{"start":{"line":16,"column":2},"end":{"line":18,"column":3}},"11":{"start":{"line":17,"column":3},"end":{"line":17,"column":26}},"12":{"start":{"line":20,"column":2},"end":{"line":20,"column":8}},"13":{"start":{"line":22,"column":2},"end":{"line":22,"column":28}},"14":{"start":{"line":23,"column":2},"end":{"line":23,"column":46}}},"fnMap":{"0":{"name":"(anonymous_0)","decl":{"start":{"line":1,"column":17},"end":{"line":1,"column":18}},"loc":{"start":{"line":1,"column":43},"end":{"line":25,"column":1}},"line":1}},"branchMap":{"0":{"loc":{"start":{"line":6,"column":2},"end":{"line":9,"column":3}},"type":"if","locations":[{"start":{"line":6,"column":2},"end":{"line":9,"column":3}},{"start":{},"end":{}}],"line":6},"1":{"loc":{"start":{"line":11,"column":2},"end":{"line":14,"column":3}},"type":"if","locations":[{"start":{"line":11,"column":2},"end":{"line":14,"column":3}},{"start":{},"end":{}}],"line":11},"2":{"loc":{"start":{"line":16,"column":2},"end":{"line":18,"column":3}},"type":"if","locations":[{"start":{"line":16,"column":2},"end":{"line":18,"column":3}},{"start":{},"end":{}}],"line":16},"3":{"loc":{"start":{"line":16,"column":6},"end":{"line":16,"column":31}},"type":"binary-expr","locations":[{"start":{"line":16,"column":6},"end":{"line":16,"column":14}},{"start":{"line":16,"column":18},"end":{"line":16,"column":31}}],"line":16}},"s":{"0":4,"1":0,"2":0,"3":0,"4":0,"5":0,"6":0,"7":0,"8":0,"9":0,"10":0,"11":0,"12":0,"13":0,"14":0},"f":{"0":0},"b":{"0":[0,0],"1":[0,0],"2":[0,0],"3":[0,0]},"_coverageSchema":"1a1c01bbd47fc00a2c39e90264f33305004495a9","hash":"16b7b062ff483d6aedb3cde0cf4badf5a6f63371"}
,"/Users/guizaps/Code/DB/e-commerce-api-tests/src/server/utils/middleware/jwtGenerator.js": {"path":"/Users/guizaps/Code/DB/e-commerce-api-tests/src/server/utils/middleware/jwtGenerator.js","statementMap":{"0":{"start":{"line":1,"column":12},"end":{"line":1,"column":35}},"1":{"start":{"line":2,"column":0},"end":{"line":2,"column":26}},"2":{"start":{"line":5,"column":17},"end":{"line":7,"column":2}},"3":{"start":{"line":8,"column":1},"end":{"line":8,"column":49}},"4":{"start":{"line":11,"column":0},"end":{"line":11,"column":29}}},"fnMap":{"0":{"name":"jwtGenerator","decl":{"start":{"line":4,"column":9},"end":{"line":4,"column":21}},"loc":{"start":{"line":4,"column":26},"end":{"line":9,"column":1}},"line":4}},"branchMap":{},"s":{"0":4,"1":4,"2":0,"3":0,"4":4},"f":{"0":0},"b":{},"_coverageSchema":"1a1c01bbd47fc00a2c39e90264f33305004495a9","hash":"94dbdcb8abef7f23c6d48fb395232cdd96fe5b55"}
,"/Users/guizaps/Code/DB/e-commerce-api-tests/src/server/utils/middleware/validInfo.js": {"path":"/Users/guizaps/Code/DB/e-commerce-api-tests/src/server/utils/middleware/validInfo.js","statementMap":{"0":{"start":{"line":1,"column":0},"end":{"line":23,"column":1}},"1":{"start":{"line":2,"column":46},"end":{"line":2,"column":54}},"2":{"start":{"line":5,"column":2},"end":{"line":5,"column":72}},"3":{"start":{"line":8,"column":1},"end":{"line":20,"column":2}},"4":{"start":{"line":9,"column":2},"end":{"line":13,"column":3}},"5":{"start":{"line":10,"column":3},"end":{"line":10,"column":53}},"6":{"start":{"line":11,"column":9},"end":{"line":13,"column":3}},"7":{"start":{"line":12,"column":3},"end":{"line":12,"column":47}},"8":{"start":{"line":14,"column":8},"end":{"line":20,"column":2}},"9":{"start":{"line":15,"column":2},"end":{"line":19,"column":3}},"10":{"start":{"line":16,"column":3},"end":{"line":16,"column":53}},"11":{"start":{"line":17,"column":9},"end":{"line":19,"column":3}},"12":{"start":{"line":18,"column":3},"end":{"line":18,"column":47}},"13":{"start":{"line":22,"column":1},"end":{"line":22,"column":7}}},"fnMap":{"0":{"name":"(anonymous_0)","decl":{"start":{"line":1,"column":17},"end":{"line":1,"column":18}},"loc":{"start":{"line":1,"column":43},"end":{"line":23,"column":1}},"line":1},"1":{"name":"validEmail","decl":{"start":{"line":4,"column":10},"end":{"line":4,"column":20}},"loc":{"start":{"line":4,"column":32},"end":{"line":6,"column":2}},"line":4}},"branchMap":{"0":{"loc":{"start":{"line":8,"column":1},"end":{"line":20,"column":2}},"type":"if","locations":[{"start":{"line":8,"column":1},"end":{"line":20,"column":2}},{"start":{"line":14,"column":8},"end":{"line":20,"column":2}}],"line":8},"1":{"loc":{"start":{"line":9,"column":2},"end":{"line":13,"column":3}},"type":"if","locations":[{"start":{"line":9,"column":2},"end":{"line":13,"column":3}},{"start":{"line":11,"column":9},"end":{"line":13,"column":3}}],"line":9},"2":{"loc":{"start":{"line":11,"column":9},"end":{"line":13,"column":3}},"type":"if","locations":[{"start":{"line":11,"column":9},"end":{"line":13,"column":3}},{"start":{},"end":{}}],"line":11},"3":{"loc":{"start":{"line":14,"column":8},"end":{"line":20,"column":2}},"type":"if","locations":[{"start":{"line":14,"column":8},"end":{"line":20,"column":2}},{"start":{},"end":{}}],"line":14},"4":{"loc":{"start":{"line":15,"column":2},"end":{"line":19,"column":3}},"type":"if","locations":[{"start":{"line":15,"column":2},"end":{"line":19,"column":3}},{"start":{"line":17,"column":9},"end":{"line":19,"column":3}}],"line":15},"5":{"loc":{"start":{"line":17,"column":9},"end":{"line":19,"column":3}},"type":"if","locations":[{"start":{"line":17,"column":9},"end":{"line":19,"column":3}},{"start":{},"end":{}}],"line":17}},"s":{"0":4,"1":0,"2":0,"3":0,"4":0,"5":0,"6":0,"7":0,"8":0,"9":0,"10":0,"11":0,"12":0,"13":0},"f":{"0":0,"1":0},"b":{"0":[0,0],"1":[0,0],"2":[0,0],"3":[0,0],"4":[0,0],"5":[0,0]},"_coverageSchema":"1a1c01bbd47fc00a2c39e90264f33305004495a9","hash":"585d90cada0c0349d402ac9eb9c261260e10486f"}
,"/Users/guizaps/Code/DB/e-commerce-api-tests/src/server/utils/models/PermanentCartModel.js": {"path":"/Users/guizaps/Code/DB/e-commerce-api-tests/src/server/utils/models/PermanentCartModel.js","statementMap":{"0":{"start":{"line":1,"column":13},"end":{"line":1,"column":38}},"1":{"start":{"line":5,"column":2},"end":{"line":5,"column":20}},"2":{"start":{"line":6,"column":2},"end":{"line":6,"column":18}},"3":{"start":{"line":7,"column":2},"end":{"line":7,"column":76}},"4":{"start":{"line":7,"column":41},"end":{"line":7,"column":75}},"5":{"start":{"line":11,"column":2},"end":{"line":13,"column":3}},"6":{"start":{"line":17,"column":2},"end":{"line":19,"column":3}},"7":{"start":{"line":23,"column":2},"end":{"line":25,"column":3}},"8":{"start":{"line":29,"column":2},"end":{"line":31,"column":3}},"9":{"start":{"line":35,"column":2},"end":{"line":37,"column":3}},"10":{"start":{"line":41,"column":2},"end":{"line":43,"column":3}},"11":{"start":{"line":47,"column":2},"end":{"line":49,"column":3}},"12":{"start":{"line":53,"column":2},"end":{"line":55,"column":3}},"13":{"start":{"line":59,"column":2},"end":{"line":61,"column":3}},"14":{"start":{"line":65,"column":2},"end":{"line":67,"column":3}},"15":{"start":{"line":71,"column":2},"end":{"line":71,"column":58}},"16":{"start":{"line":75,"column":0},"end":{"line":75,"column":22}}},"fnMap":{"0":{"name":"(anonymous_0)","decl":{"start":{"line":4,"column":1},"end":{"line":4,"column":2}},"loc":{"start":{"line":4,"column":20},"end":{"line":8,"column":2}},"line":4},"1":{"name":"(anonymous_1)","decl":{"start":{"line":7,"column":24},"end":{"line":7,"column":25}},"loc":{"start":{"line":7,"column":41},"end":{"line":7,"column":75}},"line":7},"2":{"name":"(anonymous_2)","decl":{"start":{"line":10,"column":1},"end":{"line":10,"column":2}},"loc":{"start":{"line":10,"column":29},"end":{"line":14,"column":2}},"line":10},"3":{"name":"(anonymous_3)","decl":{"start":{"line":16,"column":1},"end":{"line":16,"column":2}},"loc":{"start":{"line":16,"column":37},"end":{"line":20,"column":2}},"line":16},"4":{"name":"(anonymous_4)","decl":{"start":{"line":22,"column":1},"end":{"line":22,"column":2}},"loc":{"start":{"line":22,"column":28},"end":{"line":26,"column":2}},"line":22},"5":{"name":"(anonymous_5)","decl":{"start":{"line":28,"column":1},"end":{"line":28,"column":2}},"loc":{"start":{"line":28,"column":34},"end":{"line":32,"column":2}},"line":28},"6":{"name":"(anonymous_6)","decl":{"start":{"line":34,"column":1},"end":{"line":34,"column":2}},"loc":{"start":{"line":34,"column":47},"end":{"line":38,"column":2}},"line":34},"7":{"name":"(anonymous_7)","decl":{"start":{"line":40,"column":1},"end":{"line":40,"column":2}},"loc":{"start":{"line":40,"column":39},"end":{"line":44,"column":2}},"line":40},"8":{"name":"(anonymous_8)","decl":{"start":{"line":46,"column":1},"end":{"line":46,"column":2}},"loc":{"start":{"line":46,"column":36},"end":{"line":50,"column":2}},"line":46},"9":{"name":"(anonymous_9)","decl":{"start":{"line":52,"column":1},"end":{"line":52,"column":2}},"loc":{"start":{"line":52,"column":49},"end":{"line":56,"column":2}},"line":52},"10":{"name":"(anonymous_10)","decl":{"start":{"line":58,"column":1},"end":{"line":58,"column":2}},"loc":{"start":{"line":58,"column":36},"end":{"line":62,"column":2}},"line":58},"11":{"name":"(anonymous_11)","decl":{"start":{"line":64,"column":1},"end":{"line":64,"column":2}},"loc":{"start":{"line":64,"column":49},"end":{"line":68,"column":2}},"line":64},"12":{"name":"(anonymous_12)","decl":{"start":{"line":70,"column":1},"end":{"line":70,"column":2}},"loc":{"start":{"line":70,"column":18},"end":{"line":72,"column":2}},"line":70}},"branchMap":{},"s":{"0":4,"1":10,"2":10,"3":10,"4":0,"5":0,"6":0,"7":0,"8":0,"9":0,"10":0,"11":0,"12":0,"13":0,"14":0,"15":0,"16":4},"f":{"0":10,"1":0,"2":0,"3":0,"4":0,"5":0,"6":0,"7":0,"8":0,"9":0,"10":0,"11":0,"12":0},"b":{},"_coverageSchema":"1a1c01bbd47fc00a2c39e90264f33305004495a9","hash":"42c05729b34f862598947104711259040e008f3d"}
,"/Users/guizaps/Code/DB/e-commerce-api-tests/src/server/utils/models/TemporaryCartModel.js": {"path":"/Users/guizaps/Code/DB/e-commerce-api-tests/src/server/utils/models/TemporaryCartModel.js","statementMap":{"0":{"start":{"line":1,"column":13},"end":{"line":1,"column":38}},"1":{"start":{"line":5,"column":2},"end":{"line":5,"column":20}},"2":{"start":{"line":6,"column":2},"end":{"line":6,"column":18}},"3":{"start":{"line":7,"column":2},"end":{"line":7,"column":76}},"4":{"start":{"line":7,"column":41},"end":{"line":7,"column":75}},"5":{"start":{"line":11,"column":2},"end":{"line":13,"column":3}},"6":{"start":{"line":17,"column":2},"end":{"line":19,"column":3}},"7":{"start":{"line":23,"column":2},"end":{"line":25,"column":3}},"8":{"start":{"line":29,"column":2},"end":{"line":31,"column":3}},"9":{"start":{"line":35,"column":2},"end":{"line":37,"column":3}},"10":{"start":{"line":41,"column":2},"end":{"line":43,"column":3}},"11":{"start":{"line":47,"column":2},"end":{"line":49,"column":3}},"12":{"start":{"line":53,"column":2},"end":{"line":55,"column":3}},"13":{"start":{"line":59,"column":2},"end":{"line":61,"column":3}},"14":{"start":{"line":65,"column":2},"end":{"line":67,"column":3}},"15":{"start":{"line":71,"column":2},"end":{"line":71,"column":58}},"16":{"start":{"line":75,"column":0},"end":{"line":75,"column":22}}},"fnMap":{"0":{"name":"(anonymous_0)","decl":{"start":{"line":4,"column":1},"end":{"line":4,"column":2}},"loc":{"start":{"line":4,"column":20},"end":{"line":8,"column":2}},"line":4},"1":{"name":"(anonymous_1)","decl":{"start":{"line":7,"column":24},"end":{"line":7,"column":25}},"loc":{"start":{"line":7,"column":41},"end":{"line":7,"column":75}},"line":7},"2":{"name":"(anonymous_2)","decl":{"start":{"line":10,"column":1},"end":{"line":10,"column":2}},"loc":{"start":{"line":10,"column":30},"end":{"line":14,"column":2}},"line":10},"3":{"name":"(anonymous_3)","decl":{"start":{"line":16,"column":1},"end":{"line":16,"column":2}},"loc":{"start":{"line":16,"column":31},"end":{"line":20,"column":2}},"line":16},"4":{"name":"(anonymous_4)","decl":{"start":{"line":22,"column":1},"end":{"line":22,"column":2}},"loc":{"start":{"line":22,"column":29},"end":{"line":26,"column":2}},"line":22},"5":{"name":"(anonymous_5)","decl":{"start":{"line":28,"column":1},"end":{"line":28,"column":2}},"loc":{"start":{"line":28,"column":37},"end":{"line":32,"column":2}},"line":28},"6":{"name":"(anonymous_6)","decl":{"start":{"line":34,"column":1},"end":{"line":34,"column":2}},"loc":{"start":{"line":34,"column":28},"end":{"line":38,"column":2}},"line":34},"7":{"name":"(anonymous_7)","decl":{"start":{"line":40,"column":1},"end":{"line":40,"column":2}},"loc":{"start":{"line":40,"column":33},"end":{"line":44,"column":2}},"line":40},"8":{"name":"(anonymous_8)","decl":{"start":{"line":46,"column":1},"end":{"line":46,"column":2}},"loc":{"start":{"line":46,"column":34},"end":{"line":50,"column":2}},"line":46},"9":{"name":"(anonymous_9)","decl":{"start":{"line":52,"column":1},"end":{"line":52,"column":2}},"loc":{"start":{"line":52,"column":39},"end":{"line":56,"column":2}},"line":52},"10":{"name":"(anonymous_10)","decl":{"start":{"line":58,"column":1},"end":{"line":58,"column":2}},"loc":{"start":{"line":58,"column":36},"end":{"line":62,"column":2}},"line":58},"11":{"name":"(anonymous_11)","decl":{"start":{"line":64,"column":1},"end":{"line":64,"column":2}},"loc":{"start":{"line":64,"column":36},"end":{"line":68,"column":2}},"line":64},"12":{"name":"(anonymous_12)","decl":{"start":{"line":70,"column":1},"end":{"line":70,"column":2}},"loc":{"start":{"line":70,"column":18},"end":{"line":72,"column":2}},"line":70}},"branchMap":{},"s":{"0":4,"1":10,"2":10,"3":10,"4":0,"5":0,"6":0,"7":0,"8":0,"9":0,"10":0,"11":0,"12":0,"13":0,"14":0,"15":3,"16":4},"f":{"0":10,"1":0,"2":0,"3":0,"4":0,"5":0,"6":0,"7":0,"8":0,"9":0,"10":0,"11":0,"12":3},"b":{},"_coverageSchema":"1a1c01bbd47fc00a2c39e90264f33305004495a9","hash":"aa4fa04befee30ea89ae76125ced2a88f1b717d2"}
,"/Users/guizaps/Code/DB/e-commerce-api-tests/src/server/utils/models/productsModel.js": {"path":"/Users/guizaps/Code/DB/e-commerce-api-tests/src/server/utils/models/productsModel.js","statementMap":{"0":{"start":{"line":1,"column":13},"end":{"line":1,"column":38}},"1":{"start":{"line":5,"column":2},"end":{"line":5,"column":20}},"2":{"start":{"line":6,"column":2},"end":{"line":6,"column":18}},"3":{"start":{"line":7,"column":2},"end":{"line":7,"column":76}},"4":{"start":{"line":7,"column":41},"end":{"line":7,"column":75}},"5":{"start":{"line":11,"column":2},"end":{"line":11,"column":62}},"6":{"start":{"line":15,"column":2},"end":{"line":19,"column":3}},"7":{"start":{"line":16,"column":3},"end":{"line":16,"column":13}},"8":{"start":{"line":18,"column":3},"end":{"line":18,"column":37}},"9":{"start":{"line":20,"column":2},"end":{"line":22,"column":3}},"10":{"start":{"line":26,"column":21},"end":{"line":26,"column":50}},"11":{"start":{"line":27,"column":24},"end":{"line":27,"column":72}},"12":{"start":{"line":28,"column":2},"end":{"line":28,"column":22}},"13":{"start":{"line":32,"column":0},"end":{"line":32,"column":22}}},"fnMap":{"0":{"name":"(anonymous_0)","decl":{"start":{"line":4,"column":1},"end":{"line":4,"column":2}},"loc":{"start":{"line":4,"column":20},"end":{"line":8,"column":2}},"line":4},"1":{"name":"(anonymous_1)","decl":{"start":{"line":7,"column":24},"end":{"line":7,"column":25}},"loc":{"start":{"line":7,"column":41},"end":{"line":7,"column":75}},"line":7},"2":{"name":"(anonymous_2)","decl":{"start":{"line":10,"column":1},"end":{"line":10,"column":2}},"loc":{"start":{"line":10,"column":26},"end":{"line":12,"column":2}},"line":10},"3":{"name":"(anonymous_3)","decl":{"start":{"line":14,"column":1},"end":{"line":14,"column":2}},"loc":{"start":{"line":14,"column":27},"end":{"line":23,"column":2}},"line":14},"4":{"name":"(anonymous_4)","decl":{"start":{"line":25,"column":1},"end":{"line":25,"column":2}},"loc":{"start":{"line":25,"column":22},"end":{"line":29,"column":2}},"line":25}},"branchMap":{"0":{"loc":{"start":{"line":15,"column":2},"end":{"line":19,"column":3}},"type":"if","locations":[{"start":{"line":15,"column":2},"end":{"line":19,"column":3}},{"start":{"line":17,"column":9},"end":{"line":19,"column":3}}],"line":15}},"s":{"0":4,"1":5,"2":5,"3":5,"4":0,"5":2,"6":3,"7":3,"8":0,"9":3,"10":1,"11":0,"12":0,"13":4},"f":{"0":5,"1":0,"2":2,"3":3,"4":1},"b":{"0":[3,0]},"_coverageSchema":"1a1c01bbd47fc00a2c39e90264f33305004495a9","hash":"5d8fd7831976b91ce6b58c228e27fe24f91e8d1c"}
,"/Users/guizaps/Code/DB/e-commerce-api-tests/src/server/utils/models/quantityModel.js": {"path":"/Users/guizaps/Code/DB/e-commerce-api-tests/src/server/utils/models/quantityModel.js","statementMap":{"0":{"start":{"line":1,"column":13},"end":{"line":1,"column":38}},"1":{"start":{"line":5,"column":2},"end":{"line":5,"column":20}},"2":{"start":{"line":6,"column":2},"end":{"line":6,"column":18}},"3":{"start":{"line":7,"column":2},"end":{"line":7,"column":76}},"4":{"start":{"line":7,"column":41},"end":{"line":7,"column":75}},"5":{"start":{"line":11,"column":2},"end":{"line":13,"column":3}},"6":{"start":{"line":17,"column":2},"end":{"line":19,"column":3}},"7":{"start":{"line":23,"column":2},"end":{"line":25,"column":3}},"8":{"start":{"line":29,"column":2},"end":{"line":31,"column":3}},"9":{"start":{"line":35,"column":0},"end":{"line":35,"column":22}}},"fnMap":{"0":{"name":"(anonymous_0)","decl":{"start":{"line":4,"column":1},"end":{"line":4,"column":2}},"loc":{"start":{"line":4,"column":20},"end":{"line":8,"column":2}},"line":4},"1":{"name":"(anonymous_1)","decl":{"start":{"line":7,"column":24},"end":{"line":7,"column":25}},"loc":{"start":{"line":7,"column":41},"end":{"line":7,"column":75}},"line":7},"2":{"name":"(anonymous_2)","decl":{"start":{"line":10,"column":1},"end":{"line":10,"column":2}},"loc":{"start":{"line":10,"column":32},"end":{"line":14,"column":2}},"line":10},"3":{"name":"(anonymous_3)","decl":{"start":{"line":16,"column":1},"end":{"line":16,"column":2}},"loc":{"start":{"line":16,"column":38},"end":{"line":20,"column":2}},"line":16},"4":{"name":"(anonymous_4)","decl":{"start":{"line":22,"column":1},"end":{"line":22,"column":2}},"loc":{"start":{"line":22,"column":38},"end":{"line":26,"column":2}},"line":22},"5":{"name":"(anonymous_5)","decl":{"start":{"line":28,"column":1},"end":{"line":28,"column":2}},"loc":{"start":{"line":28,"column":31},"end":{"line":32,"column":2}},"line":28}},"branchMap":{},"s":{"0":2,"1":2,"2":2,"3":2,"4":0,"5":0,"6":0,"7":0,"8":4,"9":2},"f":{"0":2,"1":0,"2":0,"3":0,"4":0,"5":4},"b":{},"_coverageSchema":"1a1c01bbd47fc00a2c39e90264f33305004495a9","hash":"cfa45b3b3aecaeed8052cf83eb21d5137c7b8b29"}
,"/Users/guizaps/Code/DB/e-commerce-api-tests/src/server/utils/models/userModel.js": {"path":"/Users/guizaps/Code/DB/e-commerce-api-tests/src/server/utils/models/userModel.js","statementMap":{"0":{"start":{"line":1,"column":13},"end":{"line":1,"column":38}},"1":{"start":{"line":5,"column":2},"end":{"line":5,"column":20}},"2":{"start":{"line":6,"column":2},"end":{"line":6,"column":18}},"3":{"start":{"line":7,"column":2},"end":{"line":7,"column":76}},"4":{"start":{"line":7,"column":41},"end":{"line":7,"column":75}},"5":{"start":{"line":11,"column":2},"end":{"line":11,"column":58}},"6":{"start":{"line":15,"column":2},"end":{"line":15,"column":74}},"7":{"start":{"line":19,"column":2},"end":{"line":19,"column":77}},"8":{"start":{"line":23,"column":2},"end":{"line":25,"column":3}},"9":{"start":{"line":29,"column":2},"end":{"line":31,"column":3}},"10":{"start":{"line":35,"column":2},"end":{"line":37,"column":3}},"11":{"start":{"line":41,"column":0},"end":{"line":41,"column":22}}},"fnMap":{"0":{"name":"(anonymous_0)","decl":{"start":{"line":4,"column":1},"end":{"line":4,"column":2}},"loc":{"start":{"line":4,"column":20},"end":{"line":8,"column":2}},"line":4},"1":{"name":"(anonymous_1)","decl":{"start":{"line":7,"column":24},"end":{"line":7,"column":25}},"loc":{"start":{"line":7,"column":41},"end":{"line":7,"column":75}},"line":7},"2":{"name":"(anonymous_2)","decl":{"start":{"line":10,"column":1},"end":{"line":10,"column":2}},"loc":{"start":{"line":10,"column":18},"end":{"line":12,"column":2}},"line":10},"3":{"name":"(anonymous_3)","decl":{"start":{"line":14,"column":1},"end":{"line":14,"column":2}},"loc":{"start":{"line":14,"column":23},"end":{"line":16,"column":2}},"line":14},"4":{"name":"(anonymous_4)","decl":{"start":{"line":18,"column":1},"end":{"line":18,"column":2}},"loc":{"start":{"line":18,"column":23},"end":{"line":20,"column":2}},"line":18},"5":{"name":"(anonymous_5)","decl":{"start":{"line":22,"column":1},"end":{"line":22,"column":2}},"loc":{"start":{"line":22,"column":29},"end":{"line":26,"column":2}},"line":22},"6":{"name":"(anonymous_6)","decl":{"start":{"line":28,"column":1},"end":{"line":28,"column":2}},"loc":{"start":{"line":28,"column":44},"end":{"line":32,"column":2}},"line":28},"7":{"name":"(anonymous_7)","decl":{"start":{"line":34,"column":1},"end":{"line":34,"column":2}},"loc":{"start":{"line":34,"column":67},"end":{"line":38,"column":2}},"line":34}},"branchMap":{},"s":{"0":4,"1":6,"2":6,"3":6,"4":0,"5":143,"6":0,"7":0,"8":0,"9":0,"10":0,"11":4},"f":{"0":6,"1":0,"2":143,"3":0,"4":0,"5":0,"6":0,"7":0},"b":{},"_coverageSchema":"1a1c01bbd47fc00a2c39e90264f33305004495a9","hash":"404520217cbfd4b6341a08680ea1a2e5ff551f19"}
}
