{"/Users/guizaps/Code/DB/finalapi-tests/src/server/app/pool.js": {"path":"/Users/guizaps/Code/DB/finalapi-tests/src/server/app/pool.js","statementMap":{"0":{"start":{"line":1,"column":0},"end":{"line":1,"column":26}},"1":{"start":{"line":2,"column":13},"end":{"line":2,"column":31}},"2":{"start":{"line":4,"column":13},"end":{"line":10,"column":2}},"3":{"start":{"line":12,"column":0},"end":{"line":12,"column":21}}},"fnMap":{},"branchMap":{},"s":{"0":4,"1":4,"2":4,"3":4},"f":{},"b":{},"_coverageSchema":"1a1c01bbd47fc00a2c39e90264f33305004495a9","hash":"ac02b1eadea8a9e490b98fd8f8c966e93514d9f5"}
,"/Users/guizaps/Code/DB/finalapi-tests/src/server/app/server.js": {"path":"/Users/guizaps/Code/DB/finalapi-tests/src/server/app/server.js","statementMap":{"0":{"start":{"line":1,"column":16},"end":{"line":1,"column":34}},"1":{"start":{"line":2,"column":12},"end":{"line":2,"column":21}},"2":{"start":{"line":5,"column":20},"end":{"line":5,"column":45}},"3":{"start":{"line":6,"column":19},"end":{"line":6,"column":44}},"4":{"start":{"line":7,"column":23},"end":{"line":7,"column":52}},"5":{"start":{"line":9,"column":0},"end":{"line":9,"column":23}},"6":{"start":{"line":12,"column":0},"end":{"line":12,"column":30}},"7":{"start":{"line":13,"column":0},"end":{"line":13,"column":28}},"8":{"start":{"line":14,"column":0},"end":{"line":14,"column":36}},"9":{"start":{"line":16,"column":0},"end":{"line":16,"column":20}}},"fnMap":{},"branchMap":{},"s":{"0":4,"1":4,"2":4,"3":4,"4":4,"5":4,"6":4,"7":4,"8":4,"9":4},"f":{},"b":{},"_coverageSchema":"1a1c01bbd47fc00a2c39e90264f33305004495a9","hash":"803baaa4048e1dda157fd704d06e78446ce6ed08"}
,"/Users/guizaps/Code/DB/finalapi-tests/src/server/routes/cart.js": {"path":"/Users/guizaps/Code/DB/finalapi-tests/src/server/routes/cart.js","statementMap":{"0":{"start":{"line":1,"column":19},"end":{"line":1,"column":46}},"1":{"start":{"line":2,"column":18},"end":{"line":2,"column":58}},"2":{"start":{"line":4,"column":18},"end":{"line":4,"column":63}},"3":{"start":{"line":5,"column":22},"end":{"line":5,"column":49}},"4":{"start":{"line":7,"column":18},"end":{"line":7,"column":63}},"5":{"start":{"line":8,"column":22},"end":{"line":8,"column":48}},"6":{"start":{"line":10,"column":0},"end":{"line":27,"column":2}},"7":{"start":{"line":12,"column":16},"end":{"line":12,"column":30}},"8":{"start":{"line":14,"column":1},"end":{"line":18,"column":2}},"9":{"start":{"line":16,"column":2},"end":{"line":16,"column":53}},"10":{"start":{"line":17,"column":2},"end":{"line":17,"column":40}},"11":{"start":{"line":20,"column":1},"end":{"line":24,"column":2}},"12":{"start":{"line":22,"column":2},"end":{"line":22,"column":53}},"13":{"start":{"line":23,"column":2},"end":{"line":23,"column":40}},"14":{"start":{"line":26,"column":1},"end":{"line":26,"column":55}},"15":{"start":{"line":29,"column":0},"end":{"line":67,"column":2}},"16":{"start":{"line":30,"column":16},"end":{"line":30,"column":30}},"17":{"start":{"line":31,"column":17},"end":{"line":31,"column":28}},"18":{"start":{"line":32,"column":20},"end":{"line":32,"column":28}},"19":{"start":{"line":34,"column":1},"end":{"line":36,"column":2}},"20":{"start":{"line":35,"column":2},"end":{"line":35,"column":52}},"21":{"start":{"line":38,"column":1},"end":{"line":47,"column":2}},"22":{"start":{"line":39,"column":22},"end":{"line":39,"column":63}},"23":{"start":{"line":40,"column":2},"end":{"line":46,"column":3}},"24":{"start":{"line":41,"column":20},"end":{"line":41,"column":60}},"25":{"start":{"line":42,"column":3},"end":{"line":42,"column":45}},"26":{"start":{"line":44,"column":17},"end":{"line":44,"column":59}},"27":{"start":{"line":45,"column":3},"end":{"line":45,"column":42}},"28":{"start":{"line":49,"column":1},"end":{"line":58,"column":2}},"29":{"start":{"line":50,"column":22},"end":{"line":50,"column":63}},"30":{"start":{"line":51,"column":2},"end":{"line":57,"column":3}},"31":{"start":{"line":52,"column":20},"end":{"line":52,"column":60}},"32":{"start":{"line":53,"column":3},"end":{"line":53,"column":45}},"33":{"start":{"line":55,"column":17},"end":{"line":55,"column":59}},"34":{"start":{"line":56,"column":3},"end":{"line":56,"column":42}},"35":{"start":{"line":60,"column":1},"end":{"line":66,"column":2}},"36":{"start":{"line":61,"column":22},"end":{"line":61,"column":64}},"37":{"start":{"line":62,"column":15},"end":{"line":62,"column":78}},"38":{"start":{"line":63,"column":2},"end":{"line":65,"column":62}},"39":{"start":{"line":69,"column":0},"end":{"line":97,"column":2}},"40":{"start":{"line":70,"column":20},"end":{"line":70,"column":28}},"41":{"start":{"line":71,"column":16},"end":{"line":71,"column":30}},"42":{"start":{"line":72,"column":17},"end":{"line":72,"column":28}},"43":{"start":{"line":74,"column":1},"end":{"line":76,"column":2}},"44":{"start":{"line":75,"column":2},"end":{"line":75,"column":52}},"45":{"start":{"line":78,"column":1},"end":{"line":80,"column":2}},"46":{"start":{"line":79,"column":2},"end":{"line":79,"column":56}},"47":{"start":{"line":82,"column":1},"end":{"line":88,"column":2}},"48":{"start":{"line":83,"column":18},"end":{"line":83,"column":66}},"49":{"start":{"line":84,"column":2},"end":{"line":86,"column":3}},"50":{"start":{"line":85,"column":3},"end":{"line":85,"column":63}},"51":{"start":{"line":87,"column":2},"end":{"line":87,"column":43}},"52":{"start":{"line":90,"column":1},"end":{"line":96,"column":2}},"53":{"start":{"line":91,"column":18},"end":{"line":91,"column":66}},"54":{"start":{"line":92,"column":2},"end":{"line":94,"column":3}},"55":{"start":{"line":93,"column":3},"end":{"line":93,"column":44}},"56":{"start":{"line":95,"column":2},"end":{"line":95,"column":43}},"57":{"start":{"line":99,"column":0},"end":{"line":99,"column":27}}},"fnMap":{"0":{"name":"(anonymous_0)","decl":{"start":{"line":10,"column":39},"end":{"line":10,"column":40}},"loc":{"start":{"line":10,"column":59},"end":{"line":27,"column":1}},"line":10},"1":{"name":"(anonymous_1)","decl":{"start":{"line":29,"column":35},"end":{"line":29,"column":36}},"loc":{"start":{"line":29,"column":55},"end":{"line":67,"column":1}},"line":29},"2":{"name":"(anonymous_2)","decl":{"start":{"line":69,"column":34},"end":{"line":69,"column":35}},"loc":{"start":{"line":69,"column":54},"end":{"line":97,"column":1}},"line":69}},"branchMap":{"0":{"loc":{"start":{"line":14,"column":1},"end":{"line":18,"column":2}},"type":"if","locations":[{"start":{"line":14,"column":1},"end":{"line":18,"column":2}},{"start":{},"end":{}}],"line":14},"1":{"loc":{"start":{"line":20,"column":1},"end":{"line":24,"column":2}},"type":"if","locations":[{"start":{"line":20,"column":1},"end":{"line":24,"column":2}},{"start":{},"end":{}}],"line":20},"2":{"loc":{"start":{"line":34,"column":1},"end":{"line":36,"column":2}},"type":"if","locations":[{"start":{"line":34,"column":1},"end":{"line":36,"column":2}},{"start":{},"end":{}}],"line":34},"3":{"loc":{"start":{"line":38,"column":1},"end":{"line":47,"column":2}},"type":"if","locations":[{"start":{"line":38,"column":1},"end":{"line":47,"column":2}},{"start":{},"end":{}}],"line":38},"4":{"loc":{"start":{"line":40,"column":2},"end":{"line":46,"column":3}},"type":"if","locations":[{"start":{"line":40,"column":2},"end":{"line":46,"column":3}},{"start":{"line":43,"column":9},"end":{"line":46,"column":3}}],"line":40},"5":{"loc":{"start":{"line":49,"column":1},"end":{"line":58,"column":2}},"type":"if","locations":[{"start":{"line":49,"column":1},"end":{"line":58,"column":2}},{"start":{},"end":{}}],"line":49},"6":{"loc":{"start":{"line":51,"column":2},"end":{"line":57,"column":3}},"type":"if","locations":[{"start":{"line":51,"column":2},"end":{"line":57,"column":3}},{"start":{"line":54,"column":9},"end":{"line":57,"column":3}}],"line":51},"7":{"loc":{"start":{"line":60,"column":1},"end":{"line":66,"column":2}},"type":"if","locations":[{"start":{"line":60,"column":1},"end":{"line":66,"column":2}},{"start":{},"end":{}}],"line":60},"8":{"loc":{"start":{"line":74,"column":1},"end":{"line":76,"column":2}},"type":"if","locations":[{"start":{"line":74,"column":1},"end":{"line":76,"column":2}},{"start":{},"end":{}}],"line":74},"9":{"loc":{"start":{"line":78,"column":1},"end":{"line":80,"column":2}},"type":"if","locations":[{"start":{"line":78,"column":1},"end":{"line":80,"column":2}},{"start":{},"end":{}}],"line":78},"10":{"loc":{"start":{"line":82,"column":1},"end":{"line":88,"column":2}},"type":"if","locations":[{"start":{"line":82,"column":1},"end":{"line":88,"column":2}},{"start":{},"end":{}}],"line":82},"11":{"loc":{"start":{"line":84,"column":2},"end":{"line":86,"column":3}},"type":"if","locations":[{"start":{"line":84,"column":2},"end":{"line":86,"column":3}},{"start":{},"end":{}}],"line":84},"12":{"loc":{"start":{"line":90,"column":1},"end":{"line":96,"column":2}},"type":"if","locations":[{"start":{"line":90,"column":1},"end":{"line":96,"column":2}},{"start":{},"end":{}}],"line":90},"13":{"loc":{"start":{"line":92,"column":2},"end":{"line":94,"column":3}},"type":"if","locations":[{"start":{"line":92,"column":2},"end":{"line":94,"column":3}},{"start":{},"end":{}}],"line":92}},"s":{"0":4,"1":4,"2":4,"3":4,"4":4,"5":4,"6":4,"7":6,"8":6,"9":2,"10":2,"11":4,"12":2,"13":2,"14":2,"15":4,"16":12,"17":12,"18":12,"19":12,"20":2,"21":10,"22":3,"23":3,"24":2,"25":2,"26":1,"27":1,"28":7,"29":3,"30":3,"31":0,"32":0,"33":3,"34":3,"35":4,"36":4,"37":4,"38":4,"39":4,"40":14,"41":14,"42":14,"43":14,"44":4,"45":10,"46":4,"47":6,"48":4,"49":4,"50":3,"51":1,"52":2,"53":2,"54":2,"55":1,"56":1,"57":4},"f":{"0":6,"1":12,"2":14},"b":{"0":[2,4],"1":[2,2],"2":[2,10],"3":[3,7],"4":[2,1],"5":[3,4],"6":[0,3],"7":[4,0],"8":[4,10],"9":[4,6],"10":[4,2],"11":[3,1],"12":[2,0],"13":[1,1]},"_coverageSchema":"1a1c01bbd47fc00a2c39e90264f33305004495a9","hash":"f75c43655d7c76e72fafd8c8f6cb210445b495f7"}
,"/Users/guizaps/Code/DB/finalapi-tests/src/server/routes/products.js": {"path":"/Users/guizaps/Code/DB/finalapi-tests/src/server/routes/products.js","statementMap":{"0":{"start":{"line":1,"column":23},"end":{"line":1,"column":50}},"1":{"start":{"line":3,"column":18},"end":{"line":3,"column":58}},"2":{"start":{"line":4,"column":22},"end":{"line":4,"column":44}},"3":{"start":{"line":6,"column":0},"end":{"line":10,"column":2}},"4":{"start":{"line":7,"column":14},"end":{"line":7,"column":39}},"5":{"start":{"line":8,"column":18},"end":{"line":8,"column":57}},"6":{"start":{"line":9,"column":1},"end":{"line":9,"column":43}},"7":{"start":{"line":12,"column":0},"end":{"line":15,"column":2}},"8":{"start":{"line":13,"column":20},"end":{"line":13,"column":54}},"9":{"start":{"line":14,"column":1},"end":{"line":14,"column":40}},"10":{"start":{"line":17,"column":0},"end":{"line":17,"column":31}}},"fnMap":{"0":{"name":"(anonymous_0)","decl":{"start":{"line":6,"column":36},"end":{"line":6,"column":37}},"loc":{"start":{"line":6,"column":56},"end":{"line":10,"column":1}},"line":6},"1":{"name":"(anonymous_1)","decl":{"start":{"line":12,"column":29},"end":{"line":12,"column":30}},"loc":{"start":{"line":12,"column":49},"end":{"line":15,"column":1}},"line":12}},"branchMap":{},"s":{"0":4,"1":4,"2":4,"3":4,"4":4,"5":4,"6":4,"7":4,"8":2,"9":2,"10":4},"f":{"0":4,"1":2},"b":{},"_coverageSchema":"1a1c01bbd47fc00a2c39e90264f33305004495a9","hash":"db7113de75d39341b6f305f0bf65f49937532493"}
,"/Users/guizaps/Code/DB/finalapi-tests/src/server/routes/user.js": {"path":"/Users/guizaps/Code/DB/finalapi-tests/src/server/routes/user.js","statementMap":{"0":{"start":{"line":1,"column":20},"end":{"line":1,"column":47}},"1":{"start":{"line":2,"column":15},"end":{"line":2,"column":32}},"2":{"start":{"line":3,"column":21},"end":{"line":3,"column":64}},"3":{"start":{"line":4,"column":18},"end":{"line":4,"column":58}},"4":{"start":{"line":5,"column":22},"end":{"line":5,"column":66}},"5":{"start":{"line":6,"column":18},"end":{"line":6,"column":58}},"6":{"start":{"line":7,"column":14},"end":{"line":7,"column":50}},"7":{"start":{"line":8,"column":18},"end":{"line":8,"column":36}},"8":{"start":{"line":10,"column":17},"end":{"line":10,"column":62}},"9":{"start":{"line":11,"column":22},"end":{"line":11,"column":48}},"10":{"start":{"line":13,"column":17},"end":{"line":13,"column":62}},"11":{"start":{"line":14,"column":22},"end":{"line":14,"column":47}},"12":{"start":{"line":16,"column":0},"end":{"line":57,"column":2}},"13":{"start":{"line":17,"column":1},"end":{"line":56,"column":2}},"14":{"start":{"line":18,"column":47},"end":{"line":18,"column":55}},"15":{"start":{"line":19,"column":19},"end":{"line":19,"column":53}},"16":{"start":{"line":21,"column":2},"end":{"line":23,"column":3}},"17":{"start":{"line":22,"column":3},"end":{"line":22,"column":54}},"18":{"start":{"line":25,"column":18},"end":{"line":25,"column":55}},"19":{"start":{"line":26,"column":2},"end":{"line":28,"column":3}},"20":{"start":{"line":27,"column":3},"end":{"line":27,"column":57}},"21":{"start":{"line":30,"column":25},"end":{"line":30,"column":55}},"22":{"start":{"line":34,"column":2},"end":{"line":48,"column":3}},"23":{"start":{"line":35,"column":3},"end":{"line":40,"column":4}},"24":{"start":{"line":41,"column":24},"end":{"line":44,"column":4}},"25":{"start":{"line":45,"column":23},"end":{"line":45,"column":70}},"26":{"start":{"line":47,"column":3},"end":{"line":47,"column":71}},"27":{"start":{"line":50,"column":16},"end":{"line":50,"column":48}},"28":{"start":{"line":51,"column":18},"end":{"line":51,"column":38}},"29":{"start":{"line":52,"column":2},"end":{"line":52,"column":49}},"30":{"start":{"line":54,"column":2},"end":{"line":54,"column":28}},"31":{"start":{"line":55,"column":2},"end":{"line":55,"column":38}},"32":{"start":{"line":59,"column":0},"end":{"line":91,"column":2}},"33":{"start":{"line":60,"column":1},"end":{"line":90,"column":2}},"34":{"start":{"line":61,"column":30},"end":{"line":61,"column":38}},"35":{"start":{"line":63,"column":15},"end":{"line":63,"column":52}},"36":{"start":{"line":65,"column":2},"end":{"line":67,"column":3}},"37":{"start":{"line":66,"column":3},"end":{"line":66,"column":64}},"38":{"start":{"line":69,"column":24},"end":{"line":69,"column":77}},"39":{"start":{"line":71,"column":2},"end":{"line":73,"column":3}},"40":{"start":{"line":72,"column":3},"end":{"line":72,"column":64}},"41":{"start":{"line":75,"column":2},"end":{"line":81,"column":3}},"42":{"start":{"line":76,"column":24},"end":{"line":79,"column":4}},"43":{"start":{"line":80,"column":23},"end":{"line":80,"column":70}},"44":{"start":{"line":83,"column":16},"end":{"line":83,"column":45}},"45":{"start":{"line":84,"column":18},"end":{"line":84,"column":35}},"46":{"start":{"line":86,"column":2},"end":{"line":86,"column":49}},"47":{"start":{"line":88,"column":2},"end":{"line":88,"column":28}},"48":{"start":{"line":89,"column":2},"end":{"line":89,"column":45}},"49":{"start":{"line":93,"column":0},"end":{"line":100,"column":2}},"50":{"start":{"line":94,"column":1},"end":{"line":99,"column":2}},"51":{"start":{"line":95,"column":2},"end":{"line":95,"column":23}},"52":{"start":{"line":97,"column":2},"end":{"line":97,"column":28}},"53":{"start":{"line":98,"column":2},"end":{"line":98,"column":45}},"54":{"start":{"line":102,"column":0},"end":{"line":110,"column":2}},"55":{"start":{"line":103,"column":1},"end":{"line":109,"column":2}},"56":{"start":{"line":104,"column":15},"end":{"line":104,"column":52}},"57":{"start":{"line":105,"column":2},"end":{"line":105,"column":31}},"58":{"start":{"line":107,"column":2},"end":{"line":107,"column":28}},"59":{"start":{"line":108,"column":2},"end":{"line":108,"column":45}},"60":{"start":{"line":112,"column":0},"end":{"line":112,"column":28}}},"fnMap":{"0":{"name":"(anonymous_0)","decl":{"start":{"line":16,"column":52},"end":{"line":16,"column":53}},"loc":{"start":{"line":16,"column":72},"end":{"line":57,"column":1}},"line":16},"1":{"name":"(anonymous_1)","decl":{"start":{"line":59,"column":49},"end":{"line":59,"column":50}},"loc":{"start":{"line":59,"column":69},"end":{"line":91,"column":1}},"line":59},"2":{"name":"(anonymous_2)","decl":{"start":{"line":93,"column":45},"end":{"line":93,"column":46}},"loc":{"start":{"line":93,"column":65},"end":{"line":100,"column":1}},"line":93},"3":{"name":"(anonymous_3)","decl":{"start":{"line":102,"column":45},"end":{"line":102,"column":46}},"loc":{"start":{"line":102,"column":65},"end":{"line":110,"column":1}},"line":102}},"branchMap":{"0":{"loc":{"start":{"line":19,"column":19},"end":{"line":19,"column":53}},"type":"binary-expr","locations":[{"start":{"line":19,"column":19},"end":{"line":19,"column":45}},{"start":{"line":19,"column":49},"end":{"line":19,"column":53}}],"line":19},"1":{"loc":{"start":{"line":21,"column":2},"end":{"line":23,"column":3}},"type":"if","locations":[{"start":{"line":21,"column":2},"end":{"line":23,"column":3}},{"start":{},"end":{}}],"line":21},"2":{"loc":{"start":{"line":26,"column":2},"end":{"line":28,"column":3}},"type":"if","locations":[{"start":{"line":26,"column":2},"end":{"line":28,"column":3}},{"start":{},"end":{}}],"line":26},"3":{"loc":{"start":{"line":34,"column":2},"end":{"line":48,"column":3}},"type":"if","locations":[{"start":{"line":34,"column":2},"end":{"line":48,"column":3}},{"start":{"line":46,"column":9},"end":{"line":48,"column":3}}],"line":34},"4":{"loc":{"start":{"line":65,"column":2},"end":{"line":67,"column":3}},"type":"if","locations":[{"start":{"line":65,"column":2},"end":{"line":67,"column":3}},{"start":{},"end":{}}],"line":65},"5":{"loc":{"start":{"line":71,"column":2},"end":{"line":73,"column":3}},"type":"if","locations":[{"start":{"line":71,"column":2},"end":{"line":73,"column":3}},{"start":{},"end":{}}],"line":71},"6":{"loc":{"start":{"line":75,"column":2},"end":{"line":81,"column":3}},"type":"if","locations":[{"start":{"line":75,"column":2},"end":{"line":81,"column":3}},{"start":{},"end":{}}],"line":75}},"s":{"0":4,"1":4,"2":4,"3":4,"4":4,"5":4,"6":4,"7":4,"8":4,"9":4,"10":4,"11":4,"12":4,"13":11,"14":11,"15":11,"16":11,"17":2,"18":9,"19":9,"20":2,"21":7,"22":7,"23":0,"24":0,"25":0,"26":7,"27":7,"28":7,"29":7,"30":0,"31":0,"32":4,"33":11,"34":11,"35":11,"36":11,"37":1,"38":10,"39":10,"40":2,"41":8,"42":0,"43":0,"44":8,"45":8,"46":8,"47":0,"48":0,"49":4,"50":2,"51":2,"52":0,"53":0,"54":4,"55":2,"56":2,"57":2,"58":0,"59":0,"60":4},"f":{"0":11,"1":11,"2":2,"3":2},"b":{"0":[11,11],"1":[2,9],"2":[2,7],"3":[0,7],"4":[1,10],"5":[2,8],"6":[0,8]},"_coverageSchema":"1a1c01bbd47fc00a2c39e90264f33305004495a9","hash":"4d29fc8d06356bfd7053979a3be69bffa653b831"}
,"/Users/guizaps/Code/DB/finalapi-tests/src/server/utils/middleware/authorization.js": {"path":"/Users/guizaps/Code/DB/finalapi-tests/src/server/utils/middleware/authorization.js","statementMap":{"0":{"start":{"line":1,"column":12},"end":{"line":1,"column":35}},"1":{"start":{"line":2,"column":0},"end":{"line":2,"column":26}},"2":{"start":{"line":4,"column":0},"end":{"line":21,"column":1}},"3":{"start":{"line":5,"column":1},"end":{"line":20,"column":2}},"4":{"start":{"line":6,"column":19},"end":{"line":6,"column":38}},"5":{"start":{"line":8,"column":2},"end":{"line":10,"column":3}},"6":{"start":{"line":9,"column":3},"end":{"line":9,"column":48}},"7":{"start":{"line":12,"column":18},"end":{"line":12,"column":62}},"8":{"start":{"line":14,"column":2},"end":{"line":14,"column":25}},"9":{"start":{"line":16,"column":2},"end":{"line":16,"column":8}},"10":{"start":{"line":18,"column":2},"end":{"line":18,"column":28}},"11":{"start":{"line":19,"column":2},"end":{"line":19,"column":40}}},"fnMap":{"0":{"name":"(anonymous_0)","decl":{"start":{"line":4,"column":17},"end":{"line":4,"column":18}},"loc":{"start":{"line":4,"column":43},"end":{"line":21,"column":1}},"line":4}},"branchMap":{"0":{"loc":{"start":{"line":8,"column":2},"end":{"line":10,"column":3}},"type":"if","locations":[{"start":{"line":8,"column":2},"end":{"line":10,"column":3}},{"start":{},"end":{}}],"line":8}},"s":{"0":4,"1":4,"2":4,"3":8,"4":8,"5":8,"6":4,"7":4,"8":4,"9":4,"10":0,"11":0},"f":{"0":8},"b":{"0":[4,4]},"_coverageSchema":"1a1c01bbd47fc00a2c39e90264f33305004495a9","hash":"baf87dd1af888f66fdcca2a848f1b9a2840efc88"}
,"/Users/guizaps/Code/DB/finalapi-tests/src/server/utils/middleware/checkCart.js": {"path":"/Users/guizaps/Code/DB/finalapi-tests/src/server/utils/middleware/checkCart.js","statementMap":{"0":{"start":{"line":1,"column":0},"end":{"line":25,"column":1}},"1":{"start":{"line":2,"column":1},"end":{"line":24,"column":2}},"2":{"start":{"line":3,"column":18},"end":{"line":3,"column":39}},"3":{"start":{"line":4,"column":23},"end":{"line":4,"column":49}},"4":{"start":{"line":6,"column":2},"end":{"line":9,"column":3}},"5":{"start":{"line":7,"column":3},"end":{"line":7,"column":24}},"6":{"start":{"line":8,"column":3},"end":{"line":8,"column":31}},"7":{"start":{"line":11,"column":2},"end":{"line":14,"column":3}},"8":{"start":{"line":12,"column":3},"end":{"line":12,"column":29}},"9":{"start":{"line":13,"column":3},"end":{"line":13,"column":31}},"10":{"start":{"line":16,"column":2},"end":{"line":18,"column":3}},"11":{"start":{"line":17,"column":3},"end":{"line":17,"column":26}},"12":{"start":{"line":20,"column":2},"end":{"line":20,"column":8}},"13":{"start":{"line":22,"column":2},"end":{"line":22,"column":28}},"14":{"start":{"line":23,"column":2},"end":{"line":23,"column":46}}},"fnMap":{"0":{"name":"(anonymous_0)","decl":{"start":{"line":1,"column":17},"end":{"line":1,"column":18}},"loc":{"start":{"line":1,"column":43},"end":{"line":25,"column":1}},"line":1}},"branchMap":{"0":{"loc":{"start":{"line":6,"column":2},"end":{"line":9,"column":3}},"type":"if","locations":[{"start":{"line":6,"column":2},"end":{"line":9,"column":3}},{"start":{},"end":{}}],"line":6},"1":{"loc":{"start":{"line":11,"column":2},"end":{"line":14,"column":3}},"type":"if","locations":[{"start":{"line":11,"column":2},"end":{"line":14,"column":3}},{"start":{},"end":{}}],"line":11},"2":{"loc":{"start":{"line":16,"column":2},"end":{"line":18,"column":3}},"type":"if","locations":[{"start":{"line":16,"column":2},"end":{"line":18,"column":3}},{"start":{},"end":{}}],"line":16},"3":{"loc":{"start":{"line":16,"column":6},"end":{"line":16,"column":31}},"type":"binary-expr","locations":[{"start":{"line":16,"column":6},"end":{"line":16,"column":14}},{"start":{"line":16,"column":18},"end":{"line":16,"column":31}}],"line":16}},"s":{"0":4,"1":54,"2":54,"3":54,"4":54,"5":12,"6":12,"7":54,"8":10,"9":10,"10":54,"11":32,"12":54,"13":0,"14":0},"f":{"0":54},"b":{"0":[12,42],"1":[10,44],"2":[32,22],"3":[54,42]},"_coverageSchema":"1a1c01bbd47fc00a2c39e90264f33305004495a9","hash":"0c10d657be9643889b3f4ac1cae731298547dc02"}
,"/Users/guizaps/Code/DB/finalapi-tests/src/server/utils/middleware/jwtGenerator.js": {"path":"/Users/guizaps/Code/DB/finalapi-tests/src/server/utils/middleware/jwtGenerator.js","statementMap":{"0":{"start":{"line":1,"column":12},"end":{"line":1,"column":35}},"1":{"start":{"line":2,"column":0},"end":{"line":2,"column":26}},"2":{"start":{"line":5,"column":17},"end":{"line":7,"column":2}},"3":{"start":{"line":8,"column":1},"end":{"line":8,"column":49}},"4":{"start":{"line":11,"column":0},"end":{"line":11,"column":29}}},"fnMap":{"0":{"name":"jwtGenerator","decl":{"start":{"line":4,"column":9},"end":{"line":4,"column":21}},"loc":{"start":{"line":4,"column":26},"end":{"line":9,"column":1}},"line":4}},"branchMap":{},"s":{"0":4,"1":4,"2":15,"3":15,"4":4},"f":{"0":15},"b":{},"_coverageSchema":"1a1c01bbd47fc00a2c39e90264f33305004495a9","hash":"285443780588ebd912a321db592a52b0961bff97"}
,"/Users/guizaps/Code/DB/finalapi-tests/src/server/utils/middleware/validInfo.js": {"path":"/Users/guizaps/Code/DB/finalapi-tests/src/server/utils/middleware/validInfo.js","statementMap":{"0":{"start":{"line":1,"column":0},"end":{"line":23,"column":1}},"1":{"start":{"line":2,"column":46},"end":{"line":2,"column":54}},"2":{"start":{"line":5,"column":2},"end":{"line":5,"column":72}},"3":{"start":{"line":8,"column":1},"end":{"line":20,"column":2}},"4":{"start":{"line":9,"column":2},"end":{"line":13,"column":3}},"5":{"start":{"line":10,"column":3},"end":{"line":10,"column":53}},"6":{"start":{"line":11,"column":9},"end":{"line":13,"column":3}},"7":{"start":{"line":12,"column":3},"end":{"line":12,"column":47}},"8":{"start":{"line":14,"column":8},"end":{"line":20,"column":2}},"9":{"start":{"line":15,"column":2},"end":{"line":19,"column":3}},"10":{"start":{"line":16,"column":3},"end":{"line":16,"column":53}},"11":{"start":{"line":17,"column":9},"end":{"line":19,"column":3}},"12":{"start":{"line":18,"column":3},"end":{"line":18,"column":47}},"13":{"start":{"line":22,"column":1},"end":{"line":22,"column":7}}},"fnMap":{"0":{"name":"(anonymous_0)","decl":{"start":{"line":1,"column":17},"end":{"line":1,"column":18}},"loc":{"start":{"line":1,"column":43},"end":{"line":23,"column":1}},"line":1},"1":{"name":"validEmail","decl":{"start":{"line":4,"column":10},"end":{"line":4,"column":20}},"loc":{"start":{"line":4,"column":32},"end":{"line":6,"column":2}},"line":4}},"branchMap":{"0":{"loc":{"start":{"line":8,"column":1},"end":{"line":20,"column":2}},"type":"if","locations":[{"start":{"line":8,"column":1},"end":{"line":20,"column":2}},{"start":{"line":14,"column":8},"end":{"line":20,"column":2}}],"line":8},"1":{"loc":{"start":{"line":9,"column":2},"end":{"line":13,"column":3}},"type":"if","locations":[{"start":{"line":9,"column":2},"end":{"line":13,"column":3}},{"start":{"line":11,"column":9},"end":{"line":13,"column":3}}],"line":9},"2":{"loc":{"start":{"line":11,"column":9},"end":{"line":13,"column":3}},"type":"if","locations":[{"start":{"line":11,"column":9},"end":{"line":13,"column":3}},{"start":{},"end":{}}],"line":11},"3":{"loc":{"start":{"line":14,"column":8},"end":{"line":20,"column":2}},"type":"if","locations":[{"start":{"line":14,"column":8},"end":{"line":20,"column":2}},{"start":{},"end":{}}],"line":14},"4":{"loc":{"start":{"line":15,"column":2},"end":{"line":19,"column":3}},"type":"if","locations":[{"start":{"line":15,"column":2},"end":{"line":19,"column":3}},{"start":{"line":17,"column":9},"end":{"line":19,"column":3}}],"line":15},"5":{"loc":{"start":{"line":17,"column":9},"end":{"line":19,"column":3}},"type":"if","locations":[{"start":{"line":17,"column":9},"end":{"line":19,"column":3}},{"start":{},"end":{}}],"line":17}},"s":{"0":4,"1":33,"2":25,"3":33,"4":15,"5":2,"6":13,"7":2,"8":18,"9":18,"10":6,"11":12,"12":1,"13":22},"f":{"0":33,"1":25},"b":{"0":[15,18],"1":[2,13],"2":[2,11],"3":[18,0],"4":[6,12],"5":[1,11]},"_coverageSchema":"1a1c01bbd47fc00a2c39e90264f33305004495a9","hash":"0101b16bb87fb9bdd919d9da847ca6ee8793dc0c"}
,"/Users/guizaps/Code/DB/finalapi-tests/src/server/utils/models/PermanentCartModel.js": {"path":"/Users/guizaps/Code/DB/finalapi-tests/src/server/utils/models/PermanentCartModel.js","statementMap":{"0":{"start":{"line":1,"column":13},"end":{"line":1,"column":38}},"1":{"start":{"line":5,"column":2},"end":{"line":5,"column":20}},"2":{"start":{"line":6,"column":2},"end":{"line":6,"column":18}},"3":{"start":{"line":7,"column":2},"end":{"line":7,"column":76}},"4":{"start":{"line":7,"column":41},"end":{"line":7,"column":75}},"5":{"start":{"line":11,"column":2},"end":{"line":13,"column":3}},"6":{"start":{"line":17,"column":2},"end":{"line":19,"column":3}},"7":{"start":{"line":23,"column":2},"end":{"line":25,"column":3}},"8":{"start":{"line":29,"column":2},"end":{"line":31,"column":3}},"9":{"start":{"line":35,"column":2},"end":{"line":37,"column":3}},"10":{"start":{"line":41,"column":2},"end":{"line":43,"column":3}},"11":{"start":{"line":47,"column":2},"end":{"line":49,"column":3}},"12":{"start":{"line":53,"column":2},"end":{"line":53,"column":58}},"13":{"start":{"line":57,"column":0},"end":{"line":57,"column":22}}},"fnMap":{"0":{"name":"(anonymous_0)","decl":{"start":{"line":4,"column":1},"end":{"line":4,"column":2}},"loc":{"start":{"line":4,"column":20},"end":{"line":8,"column":2}},"line":4},"1":{"name":"(anonymous_1)","decl":{"start":{"line":7,"column":24},"end":{"line":7,"column":25}},"loc":{"start":{"line":7,"column":41},"end":{"line":7,"column":75}},"line":7},"2":{"name":"(anonymous_2)","decl":{"start":{"line":10,"column":1},"end":{"line":10,"column":2}},"loc":{"start":{"line":10,"column":29},"end":{"line":14,"column":2}},"line":10},"3":{"name":"(anonymous_3)","decl":{"start":{"line":16,"column":1},"end":{"line":16,"column":2}},"loc":{"start":{"line":16,"column":28},"end":{"line":20,"column":2}},"line":16},"4":{"name":"(anonymous_4)","decl":{"start":{"line":22,"column":1},"end":{"line":22,"column":2}},"loc":{"start":{"line":22,"column":34},"end":{"line":26,"column":2}},"line":22},"5":{"name":"(anonymous_5)","decl":{"start":{"line":28,"column":1},"end":{"line":28,"column":2}},"loc":{"start":{"line":28,"column":39},"end":{"line":32,"column":2}},"line":28},"6":{"name":"(anonymous_6)","decl":{"start":{"line":34,"column":1},"end":{"line":34,"column":2}},"loc":{"start":{"line":34,"column":36},"end":{"line":38,"column":2}},"line":34},"7":{"name":"(anonymous_7)","decl":{"start":{"line":40,"column":1},"end":{"line":40,"column":2}},"loc":{"start":{"line":40,"column":36},"end":{"line":44,"column":2}},"line":40},"8":{"name":"(anonymous_8)","decl":{"start":{"line":46,"column":1},"end":{"line":46,"column":2}},"loc":{"start":{"line":46,"column":35},"end":{"line":50,"column":2}},"line":46},"9":{"name":"(anonymous_9)","decl":{"start":{"line":52,"column":1},"end":{"line":52,"column":2}},"loc":{"start":{"line":52,"column":18},"end":{"line":54,"column":2}},"line":52}},"branchMap":{},"s":{"0":4,"1":9,"2":9,"3":9,"4":0,"5":11,"6":2,"7":11,"8":1,"9":4,"10":5,"11":0,"12":0,"13":4},"f":{"0":9,"1":0,"2":11,"3":2,"4":11,"5":1,"6":4,"7":5,"8":0,"9":0},"b":{},"_coverageSchema":"1a1c01bbd47fc00a2c39e90264f33305004495a9","hash":"fe7e89a3eaae000bd1ca171e681a96185ba0d9a0"}
,"/Users/guizaps/Code/DB/finalapi-tests/src/server/utils/models/TemporaryCartModel.js": {"path":"/Users/guizaps/Code/DB/finalapi-tests/src/server/utils/models/TemporaryCartModel.js","statementMap":{"0":{"start":{"line":1,"column":13},"end":{"line":1,"column":38}},"1":{"start":{"line":5,"column":2},"end":{"line":5,"column":20}},"2":{"start":{"line":6,"column":2},"end":{"line":6,"column":18}},"3":{"start":{"line":7,"column":2},"end":{"line":7,"column":76}},"4":{"start":{"line":7,"column":41},"end":{"line":7,"column":75}},"5":{"start":{"line":11,"column":2},"end":{"line":13,"column":3}},"6":{"start":{"line":17,"column":2},"end":{"line":19,"column":3}},"7":{"start":{"line":23,"column":2},"end":{"line":25,"column":3}},"8":{"start":{"line":29,"column":2},"end":{"line":31,"column":3}},"9":{"start":{"line":35,"column":2},"end":{"line":37,"column":3}},"10":{"start":{"line":41,"column":2},"end":{"line":43,"column":3}},"11":{"start":{"line":47,"column":2},"end":{"line":49,"column":3}},"12":{"start":{"line":53,"column":2},"end":{"line":55,"column":3}},"13":{"start":{"line":59,"column":2},"end":{"line":59,"column":58}},"14":{"start":{"line":63,"column":0},"end":{"line":63,"column":22}}},"fnMap":{"0":{"name":"(anonymous_0)","decl":{"start":{"line":4,"column":1},"end":{"line":4,"column":2}},"loc":{"start":{"line":4,"column":20},"end":{"line":8,"column":2}},"line":4},"1":{"name":"(anonymous_1)","decl":{"start":{"line":7,"column":24},"end":{"line":7,"column":25}},"loc":{"start":{"line":7,"column":41},"end":{"line":7,"column":75}},"line":7},"2":{"name":"(anonymous_2)","decl":{"start":{"line":10,"column":1},"end":{"line":10,"column":2}},"loc":{"start":{"line":10,"column":30},"end":{"line":14,"column":2}},"line":10},"3":{"name":"(anonymous_3)","decl":{"start":{"line":16,"column":1},"end":{"line":16,"column":2}},"loc":{"start":{"line":16,"column":31},"end":{"line":20,"column":2}},"line":16},"4":{"name":"(anonymous_4)","decl":{"start":{"line":22,"column":1},"end":{"line":22,"column":2}},"loc":{"start":{"line":22,"column":29},"end":{"line":26,"column":2}},"line":22},"5":{"name":"(anonymous_5)","decl":{"start":{"line":28,"column":1},"end":{"line":28,"column":2}},"loc":{"start":{"line":28,"column":28},"end":{"line":32,"column":2}},"line":28},"6":{"name":"(anonymous_6)","decl":{"start":{"line":34,"column":1},"end":{"line":34,"column":2}},"loc":{"start":{"line":34,"column":34},"end":{"line":38,"column":2}},"line":34},"7":{"name":"(anonymous_7)","decl":{"start":{"line":40,"column":1},"end":{"line":40,"column":2}},"loc":{"start":{"line":40,"column":39},"end":{"line":44,"column":2}},"line":40},"8":{"name":"(anonymous_8)","decl":{"start":{"line":46,"column":1},"end":{"line":46,"column":2}},"loc":{"start":{"line":46,"column":36},"end":{"line":50,"column":2}},"line":46},"9":{"name":"(anonymous_9)","decl":{"start":{"line":52,"column":1},"end":{"line":52,"column":2}},"loc":{"start":{"line":52,"column":36},"end":{"line":56,"column":2}},"line":52},"10":{"name":"(anonymous_10)","decl":{"start":{"line":58,"column":1},"end":{"line":58,"column":2}},"loc":{"start":{"line":58,"column":18},"end":{"line":60,"column":2}},"line":58}},"branchMap":{},"s":{"0":4,"1":9,"2":9,"3":9,"4":0,"5":21,"6":1,"7":18,"8":2,"9":8,"10":1,"11":6,"12":3,"13":31,"14":4},"f":{"0":9,"1":0,"2":21,"3":1,"4":18,"5":2,"6":8,"7":1,"8":6,"9":3,"10":31},"b":{},"_coverageSchema":"1a1c01bbd47fc00a2c39e90264f33305004495a9","hash":"15884daadd15b4e4f2daa5342b69d3461893d5f4"}
,"/Users/guizaps/Code/DB/finalapi-tests/src/server/utils/models/productsModel.js": {"path":"/Users/guizaps/Code/DB/finalapi-tests/src/server/utils/models/productsModel.js","statementMap":{"0":{"start":{"line":1,"column":13},"end":{"line":1,"column":38}},"1":{"start":{"line":5,"column":2},"end":{"line":5,"column":20}},"2":{"start":{"line":6,"column":2},"end":{"line":6,"column":18}},"3":{"start":{"line":7,"column":2},"end":{"line":7,"column":76}},"4":{"start":{"line":7,"column":41},"end":{"line":7,"column":75}},"5":{"start":{"line":11,"column":2},"end":{"line":11,"column":62}},"6":{"start":{"line":15,"column":2},"end":{"line":19,"column":3}},"7":{"start":{"line":16,"column":3},"end":{"line":16,"column":13}},"8":{"start":{"line":18,"column":3},"end":{"line":18,"column":37}},"9":{"start":{"line":20,"column":2},"end":{"line":22,"column":3}},"10":{"start":{"line":26,"column":21},"end":{"line":26,"column":50}},"11":{"start":{"line":27,"column":24},"end":{"line":27,"column":72}},"12":{"start":{"line":28,"column":2},"end":{"line":28,"column":22}},"13":{"start":{"line":32,"column":0},"end":{"line":32,"column":22}}},"fnMap":{"0":{"name":"(anonymous_0)","decl":{"start":{"line":4,"column":1},"end":{"line":4,"column":2}},"loc":{"start":{"line":4,"column":20},"end":{"line":8,"column":2}},"line":4},"1":{"name":"(anonymous_1)","decl":{"start":{"line":7,"column":24},"end":{"line":7,"column":25}},"loc":{"start":{"line":7,"column":41},"end":{"line":7,"column":75}},"line":7},"2":{"name":"(anonymous_2)","decl":{"start":{"line":10,"column":1},"end":{"line":10,"column":2}},"loc":{"start":{"line":10,"column":26},"end":{"line":12,"column":2}},"line":10},"3":{"name":"(anonymous_3)","decl":{"start":{"line":14,"column":1},"end":{"line":14,"column":2}},"loc":{"start":{"line":14,"column":27},"end":{"line":23,"column":2}},"line":14},"4":{"name":"(anonymous_4)","decl":{"start":{"line":25,"column":1},"end":{"line":25,"column":2}},"loc":{"start":{"line":25,"column":22},"end":{"line":29,"column":2}},"line":25}},"branchMap":{"0":{"loc":{"start":{"line":15,"column":2},"end":{"line":19,"column":3}},"type":"if","locations":[{"start":{"line":15,"column":2},"end":{"line":19,"column":3}},{"start":{"line":17,"column":9},"end":{"line":19,"column":3}}],"line":15}},"s":{"0":4,"1":5,"2":5,"3":5,"4":0,"5":3,"6":4,"7":3,"8":1,"9":4,"10":2,"11":2,"12":2,"13":4},"f":{"0":5,"1":0,"2":3,"3":4,"4":2},"b":{"0":[3,1]},"_coverageSchema":"1a1c01bbd47fc00a2c39e90264f33305004495a9","hash":"2b01e1e192d54a93c79fc65f4ca1c82c6c7a8258"}
,"/Users/guizaps/Code/DB/finalapi-tests/src/server/utils/models/quantityModel.js": {"path":"/Users/guizaps/Code/DB/finalapi-tests/src/server/utils/models/quantityModel.js","statementMap":{"0":{"start":{"line":1,"column":13},"end":{"line":1,"column":38}},"1":{"start":{"line":5,"column":2},"end":{"line":5,"column":20}},"2":{"start":{"line":6,"column":2},"end":{"line":6,"column":18}},"3":{"start":{"line":7,"column":2},"end":{"line":7,"column":76}},"4":{"start":{"line":7,"column":41},"end":{"line":7,"column":75}},"5":{"start":{"line":11,"column":2},"end":{"line":13,"column":3}},"6":{"start":{"line":17,"column":2},"end":{"line":19,"column":3}},"7":{"start":{"line":23,"column":2},"end":{"line":25,"column":3}},"8":{"start":{"line":29,"column":2},"end":{"line":31,"column":3}},"9":{"start":{"line":35,"column":0},"end":{"line":35,"column":22}}},"fnMap":{"0":{"name":"(anonymous_0)","decl":{"start":{"line":4,"column":1},"end":{"line":4,"column":2}},"loc":{"start":{"line":4,"column":20},"end":{"line":8,"column":2}},"line":4},"1":{"name":"(anonymous_1)","decl":{"start":{"line":7,"column":24},"end":{"line":7,"column":25}},"loc":{"start":{"line":7,"column":41},"end":{"line":7,"column":75}},"line":7},"2":{"name":"(anonymous_2)","decl":{"start":{"line":10,"column":1},"end":{"line":10,"column":2}},"loc":{"start":{"line":10,"column":32},"end":{"line":14,"column":2}},"line":10},"3":{"name":"(anonymous_3)","decl":{"start":{"line":16,"column":1},"end":{"line":16,"column":2}},"loc":{"start":{"line":16,"column":38},"end":{"line":20,"column":2}},"line":16},"4":{"name":"(anonymous_4)","decl":{"start":{"line":22,"column":1},"end":{"line":22,"column":2}},"loc":{"start":{"line":22,"column":38},"end":{"line":26,"column":2}},"line":22},"5":{"name":"(anonymous_5)","decl":{"start":{"line":28,"column":1},"end":{"line":28,"column":2}},"loc":{"start":{"line":28,"column":31},"end":{"line":32,"column":2}},"line":28}},"branchMap":{},"s":{"0":2,"1":2,"2":2,"3":2,"4":0,"5":3,"6":1,"7":1,"8":4,"9":2},"f":{"0":2,"1":0,"2":3,"3":1,"4":1,"5":4},"b":{},"_coverageSchema":"1a1c01bbd47fc00a2c39e90264f33305004495a9","hash":"efb46172ed2783b13da7669087e745daaf66d564"}
,"/Users/guizaps/Code/DB/finalapi-tests/src/server/utils/models/userModel.js": {"path":"/Users/guizaps/Code/DB/finalapi-tests/src/server/utils/models/userModel.js","statementMap":{"0":{"start":{"line":1,"column":13},"end":{"line":1,"column":38}},"1":{"start":{"line":5,"column":2},"end":{"line":5,"column":20}},"2":{"start":{"line":6,"column":2},"end":{"line":6,"column":18}},"3":{"start":{"line":7,"column":2},"end":{"line":7,"column":76}},"4":{"start":{"line":7,"column":41},"end":{"line":7,"column":75}},"5":{"start":{"line":11,"column":2},"end":{"line":11,"column":58}},"6":{"start":{"line":15,"column":2},"end":{"line":15,"column":74}},"7":{"start":{"line":19,"column":2},"end":{"line":19,"column":77}},"8":{"start":{"line":23,"column":2},"end":{"line":25,"column":3}},"9":{"start":{"line":29,"column":2},"end":{"line":31,"column":3}},"10":{"start":{"line":35,"column":2},"end":{"line":37,"column":3}},"11":{"start":{"line":41,"column":0},"end":{"line":41,"column":22}}},"fnMap":{"0":{"name":"(anonymous_0)","decl":{"start":{"line":4,"column":1},"end":{"line":4,"column":2}},"loc":{"start":{"line":4,"column":20},"end":{"line":8,"column":2}},"line":4},"1":{"name":"(anonymous_1)","decl":{"start":{"line":7,"column":24},"end":{"line":7,"column":25}},"loc":{"start":{"line":7,"column":41},"end":{"line":7,"column":75}},"line":7},"2":{"name":"(anonymous_2)","decl":{"start":{"line":10,"column":1},"end":{"line":10,"column":2}},"loc":{"start":{"line":10,"column":18},"end":{"line":12,"column":2}},"line":10},"3":{"name":"(anonymous_3)","decl":{"start":{"line":14,"column":1},"end":{"line":14,"column":2}},"loc":{"start":{"line":14,"column":23},"end":{"line":16,"column":2}},"line":14},"4":{"name":"(anonymous_4)","decl":{"start":{"line":18,"column":1},"end":{"line":18,"column":2}},"loc":{"start":{"line":18,"column":23},"end":{"line":20,"column":2}},"line":18},"5":{"name":"(anonymous_5)","decl":{"start":{"line":22,"column":1},"end":{"line":22,"column":2}},"loc":{"start":{"line":22,"column":29},"end":{"line":26,"column":2}},"line":22},"6":{"name":"(anonymous_6)","decl":{"start":{"line":28,"column":1},"end":{"line":28,"column":2}},"loc":{"start":{"line":28,"column":44},"end":{"line":32,"column":2}},"line":28},"7":{"name":"(anonymous_7)","decl":{"start":{"line":34,"column":1},"end":{"line":34,"column":2}},"loc":{"start":{"line":34,"column":67},"end":{"line":38,"column":2}},"line":34}},"branchMap":{},"s":{"0":4,"1":6,"2":6,"3":6,"4":0,"5":181,"6":0,"7":2,"8":24,"9":41,"10":4,"11":4},"f":{"0":6,"1":0,"2":181,"3":0,"4":2,"5":24,"6":41,"7":4},"b":{},"_coverageSchema":"1a1c01bbd47fc00a2c39e90264f33305004495a9","hash":"cedccd1e1695e615ff35a97ce488d504ae40499f"}
}
