TN:
SF:src/server/app/pool.js
FNF:0
FNH:0
DA:1,4
DA:2,4
DA:4,4
DA:12,4
LF:4
LH:4
BRF:0
BRH:0
end_of_record
TN:
SF:src/server/app/server.js
FNF:0
FNH:0
DA:1,4
DA:2,4
DA:5,4
DA:6,4
DA:7,4
DA:9,4
DA:12,4
DA:13,4
DA:14,4
DA:16,4
LF:10
LH:10
BRF:0
BRH:0
end_of_record
TN:
SF:src/server/routes/cart.js
FN:10,(anonymous_0)
FN:29,(anonymous_1)
FN:69,(anonymous_2)
FNF:3
FNH:3
FNDA:6,(anonymous_0)
FNDA:12,(anonymous_1)
FNDA:14,(anonymous_2)
DA:1,4
DA:2,4
DA:4,4
DA:5,4
DA:7,4
DA:8,4
DA:10,4
DA:12,6
DA:14,6
DA:16,2
DA:17,2
DA:20,4
DA:22,2
DA:23,2
DA:26,2
DA:29,4
DA:30,12
DA:31,12
DA:32,12
DA:34,12
DA:35,2
DA:38,10
DA:39,3
DA:40,3
DA:41,2
DA:42,2
DA:44,1
DA:45,1
DA:49,7
DA:50,3
DA:51,3
DA:52,0
DA:53,0
DA:55,3
DA:56,3
DA:60,4
DA:61,4
DA:62,4
DA:63,4
DA:69,4
DA:70,14
DA:71,14
DA:72,14
DA:74,14
DA:75,4
DA:78,10
DA:79,4
DA:82,6
DA:83,4
DA:84,4
DA:85,3
DA:87,1
DA:90,2
DA:91,2
DA:92,2
DA:93,1
DA:95,1
DA:99,4
LF:58
LH:56
BRDA:14,0,0,2
BRDA:14,0,1,4
BRDA:20,1,0,2
BRDA:20,1,1,2
BRDA:34,2,0,2
BRDA:34,2,1,10
BRDA:38,3,0,3
BRDA:38,3,1,7
BRDA:40,4,0,2
BRDA:40,4,1,1
BRDA:49,5,0,3
BRDA:49,5,1,4
BRDA:51,6,0,0
BRDA:51,6,1,3
BRDA:60,7,0,4
BRDA:60,7,1,0
BRDA:74,8,0,4
BRDA:74,8,1,10
BRDA:78,9,0,4
BRDA:78,9,1,6
BRDA:82,10,0,4
BRDA:82,10,1,2
BRDA:84,11,0,3
BRDA:84,11,1,1
BRDA:90,12,0,2
BRDA:90,12,1,0
BRDA:92,13,0,1
BRDA:92,13,1,1
BRF:28
BRH:25
end_of_record
TN:
SF:src/server/routes/products.js
FN:6,(anonymous_0)
FN:12,(anonymous_1)
FNF:2
FNH:2
FNDA:4,(anonymous_0)
FNDA:2,(anonymous_1)
DA:1,4
DA:3,4
DA:4,4
DA:6,4
DA:7,4
DA:8,4
DA:9,4
DA:12,4
DA:13,2
DA:14,2
DA:17,4
LF:11
LH:11
BRF:0
BRH:0
end_of_record
TN:
SF:src/server/routes/user.js
FN:16,(anonymous_0)
FN:59,(anonymous_1)
FN:93,(anonymous_2)
FN:102,(anonymous_3)
FNF:4
FNH:4
FNDA:11,(anonymous_0)
FNDA:11,(anonymous_1)
FNDA:2,(anonymous_2)
FNDA:2,(anonymous_3)
DA:1,4
DA:2,4
DA:3,4
DA:4,4
DA:5,4
DA:6,4
DA:7,4
DA:8,4
DA:10,4
DA:11,4
DA:13,4
DA:14,4
DA:16,4
DA:17,11
DA:18,11
DA:19,11
DA:21,11
DA:22,2
DA:25,9
DA:26,9
DA:27,2
DA:30,7
DA:34,7
DA:35,0
DA:41,0
DA:45,0
DA:47,7
DA:50,7
DA:51,7
DA:52,7
DA:54,0
DA:55,0
DA:59,4
DA:60,11
DA:61,11
DA:63,11
DA:65,11
DA:66,1
DA:69,10
DA:71,10
DA:72,2
DA:75,8
DA:76,0
DA:80,0
DA:83,8
DA:84,8
DA:86,8
DA:88,0
DA:89,0
DA:93,4
DA:94,2
DA:95,2
DA:97,0
DA:98,0
DA:102,4
DA:103,2
DA:104,2
DA:105,2
DA:107,0
DA:108,0
DA:112,4
LF:61
LH:48
BRDA:19,0,0,11
BRDA:19,0,1,11
BRDA:21,1,0,2
BRDA:21,1,1,9
BRDA:26,2,0,2
BRDA:26,2,1,7
BRDA:34,3,0,0
BRDA:34,3,1,7
BRDA:65,4,0,1
BRDA:65,4,1,10
BRDA:71,5,0,2
BRDA:71,5,1,8
BRDA:75,6,0,0
BRDA:75,6,1,8
BRF:14
BRH:12
end_of_record
TN:
SF:src/server/utils/middleware/authorization.js
FN:4,(anonymous_0)
FNF:1
FNH:1
FNDA:8,(anonymous_0)
DA:1,4
DA:2,4
DA:4,4
DA:5,8
DA:6,8
DA:8,8
DA:9,4
DA:12,4
DA:14,4
DA:16,4
DA:18,0
DA:19,0
LF:12
LH:10
BRDA:8,0,0,4
BRDA:8,0,1,4
BRF:2
BRH:2
end_of_record
TN:
SF:src/server/utils/middleware/checkCart.js
FN:1,(anonymous_0)
FNF:1
FNH:1
FNDA:54,(anonymous_0)
DA:1,4
DA:2,54
DA:3,54
DA:4,54
DA:6,54
DA:7,12
DA:8,12
DA:11,54
DA:12,10
DA:13,10
DA:16,54
DA:17,32
DA:20,54
DA:22,0
DA:23,0
LF:15
LH:13
BRDA:6,0,0,12
BRDA:6,0,1,42
BRDA:11,1,0,10
BRDA:11,1,1,44
BRDA:16,2,0,32
BRDA:16,2,1,22
BRDA:16,3,0,54
BRDA:16,3,1,42
BRF:8
BRH:8
end_of_record
TN:
SF:src/server/utils/middleware/jwtGenerator.js
FN:4,jwtGenerator
FNF:1
FNH:1
FNDA:15,jwtGenerator
DA:1,4
DA:2,4
DA:5,15
DA:8,15
DA:11,4
LF:5
LH:5
BRF:0
BRH:0
end_of_record
TN:
SF:src/server/utils/middleware/validInfo.js
FN:1,(anonymous_0)
FN:4,validEmail
FNF:2
FNH:2
FNDA:33,(anonymous_0)
FNDA:25,validEmail
DA:1,4
DA:2,33
DA:5,25
DA:8,33
DA:9,15
DA:10,2
DA:11,13
DA:12,2
DA:14,18
DA:15,18
DA:16,6
DA:17,12
DA:18,1
DA:22,22
LF:14
LH:14
BRDA:8,0,0,15
BRDA:8,0,1,18
BRDA:9,1,0,2
BRDA:9,1,1,13
BRDA:11,2,0,2
BRDA:11,2,1,11
BRDA:14,3,0,18
BRDA:14,3,1,0
BRDA:15,4,0,6
BRDA:15,4,1,12
BRDA:17,5,0,1
BRDA:17,5,1,11
BRF:12
BRH:11
end_of_record
TN:
SF:src/server/utils/models/PermanentCartModel.js
FN:4,(anonymous_0)
FN:7,(anonymous_1)
FN:10,(anonymous_2)
FN:16,(anonymous_3)
FN:22,(anonymous_4)
FN:28,(anonymous_5)
FN:34,(anonymous_6)
FN:40,(anonymous_7)
FN:46,(anonymous_8)
FN:52,(anonymous_9)
FNF:10
FNH:7
FNDA:9,(anonymous_0)
FNDA:0,(anonymous_1)
FNDA:11,(anonymous_2)
FNDA:2,(anonymous_3)
FNDA:11,(anonymous_4)
FNDA:1,(anonymous_5)
FNDA:4,(anonymous_6)
FNDA:5,(anonymous_7)
FNDA:0,(anonymous_8)
FNDA:0,(anonymous_9)
DA:1,4
DA:5,9
DA:6,9
DA:7,9
DA:11,11
DA:17,2
DA:23,11
DA:29,1
DA:35,4
DA:41,5
DA:47,0
DA:53,0
DA:57,4
LF:13
LH:11
BRF:0
BRH:0
end_of_record
TN:
SF:src/server/utils/models/TemporaryCartModel.js
FN:4,(anonymous_0)
FN:7,(anonymous_1)
FN:10,(anonymous_2)
FN:16,(anonymous_3)
FN:22,(anonymous_4)
FN:28,(anonymous_5)
FN:34,(anonymous_6)
FN:40,(anonymous_7)
FN:46,(anonymous_8)
FN:52,(anonymous_9)
FN:58,(anonymous_10)
FNF:11
FNH:10
FNDA:9,(anonymous_0)
FNDA:0,(anonymous_1)
FNDA:21,(anonymous_2)
FNDA:1,(anonymous_3)
FNDA:18,(anonymous_4)
FNDA:2,(anonymous_5)
FNDA:8,(anonymous_6)
FNDA:1,(anonymous_7)
FNDA:6,(anonymous_8)
FNDA:3,(anonymous_9)
FNDA:31,(anonymous_10)
DA:1,4
DA:5,9
DA:6,9
DA:7,9
DA:11,21
DA:17,1
DA:23,18
DA:29,2
DA:35,8
DA:41,1
DA:47,6
DA:53,3
DA:59,31
DA:63,4
LF:14
LH:14
BRF:0
BRH:0
end_of_record
TN:
SF:src/server/utils/models/productsModel.js
FN:4,(anonymous_0)
FN:7,(anonymous_1)
FN:10,(anonymous_2)
FN:14,(anonymous_3)
FN:25,(anonymous_4)
FNF:5
FNH:4
FNDA:5,(anonymous_0)
FNDA:0,(anonymous_1)
FNDA:3,(anonymous_2)
FNDA:4,(anonymous_3)
FNDA:2,(anonymous_4)
DA:1,4
DA:5,5
DA:6,5
DA:7,5
DA:11,3
DA:15,4
DA:16,3
DA:18,1
DA:20,4
DA:26,2
DA:27,2
DA:28,2
DA:32,4
LF:13
LH:13
BRDA:15,0,0,3
BRDA:15,0,1,1
BRF:2
BRH:2
end_of_record
TN:
SF:src/server/utils/models/quantityModel.js
FN:4,(anonymous_0)
FN:7,(anonymous_1)
FN:10,(anonymous_2)
FN:16,(anonymous_3)
FN:22,(anonymous_4)
FN:28,(anonymous_5)
FNF:6
FNH:5
FNDA:2,(anonymous_0)
FNDA:0,(anonymous_1)
FNDA:3,(anonymous_2)
FNDA:1,(anonymous_3)
FNDA:1,(anonymous_4)
FNDA:4,(anonymous_5)
DA:1,2
DA:5,2
DA:6,2
DA:7,2
DA:11,3
DA:17,1
DA:23,1
DA:29,4
DA:35,2
LF:9
LH:9
BRF:0
BRH:0
end_of_record
TN:
SF:src/server/utils/models/userModel.js
FN:4,(anonymous_0)
FN:7,(anonymous_1)
FN:10,(anonymous_2)
FN:14,(anonymous_3)
FN:18,(anonymous_4)
FN:22,(anonymous_5)
FN:28,(anonymous_6)
FN:34,(anonymous_7)
FNF:8
FNH:6
FNDA:6,(anonymous_0)
FNDA:0,(anonymous_1)
FNDA:181,(anonymous_2)
FNDA:0,(anonymous_3)
FNDA:2,(anonymous_4)
FNDA:24,(anonymous_5)
FNDA:41,(anonymous_6)
FNDA:4,(anonymous_7)
DA:1,4
DA:5,6
DA:6,6
DA:7,6
DA:11,181
DA:15,0
DA:19,2
DA:23,24
DA:29,41
DA:35,4
DA:41,4
LF:11
LH:10
BRF:0
BRH:0
end_of_record
