TN:
SF:src/server/app/pool.js
FNF:0
FNH:0
DA:1,3
DA:2,3
DA:4,3
DA:12,3
LF:4
LH:4
BRF:0
BRH:0
end_of_record
TN:
SF:src/server/app/server.js
FNF:0
FNH:0
DA:1,3
DA:2,3
DA:5,3
DA:7,3
DA:10,3
DA:12,3
LF:6
LH:6
BRF:0
BRH:0
end_of_record
TN:
SF:src/server/routes/user.js
FN:8,(anonymous_0)
FN:46,(anonymous_1)
FNF:2
FNH:2
FNDA:11,(anonymous_0)
FNDA:7,(anonymous_1)
DA:1,3
DA:2,3
DA:3,3
DA:4,3
DA:5,3
DA:6,3
DA:8,3
DA:9,11
DA:10,11
DA:11,11
DA:13,11
DA:14,2
DA:17,9
DA:18,9
DA:19,2
DA:22,7
DA:26,7
DA:27,0
DA:34,7
DA:37,7
DA:38,7
DA:39,7
DA:41,0
DA:42,0
DA:46,3
DA:47,7
DA:48,7
DA:50,7
DA:52,7
DA:53,1
DA:56,6
DA:58,6
DA:59,2
DA:62,4
DA:64,4
DA:66,0
DA:67,0
DA:71,3
LF:38
LH:33
BRDA:11,0,0,11
BRDA:11,0,1,11
BRDA:13,1,0,2
BRDA:13,1,1,9
BRDA:18,2,0,2
BRDA:18,2,1,7
BRDA:26,3,0,0
BRDA:26,3,1,7
BRDA:52,4,0,1
BRDA:52,4,1,6
BRDA:58,5,0,2
BRDA:58,5,1,4
BRF:12
BRH:11
end_of_record
TN:
SF:src/server/utils/middleware/jwtGenerator.js
FN:4,jwtGenerator
FNF:1
FNH:1
FNDA:11,jwtGenerator
DA:1,3
DA:2,3
DA:5,11
DA:8,11
DA:11,3
LF:5
LH:5
BRF:0
BRH:0
end_of_record
TN:
SF:src/server/utils/middleware/validInfo.js
FN:1,(anonymous_0)
FN:4,validEmail
FNF:2
FNH:2
FNDA:29,(anonymous_0)
FNDA:21,validEmail
DA:1,3
DA:2,29
DA:5,21
DA:8,29
DA:9,15
DA:10,2
DA:11,13
DA:12,2
DA:14,14
DA:15,14
DA:16,6
DA:17,8
DA:18,1
DA:22,18
LF:14
LH:14
BRDA:8,0,0,15
BRDA:8,0,1,14
BRDA:9,1,0,2
BRDA:9,1,1,13
BRDA:11,2,0,2
BRDA:11,2,1,11
BRDA:14,3,0,14
BRDA:14,3,1,0
BRDA:15,4,0,6
BRDA:15,4,1,8
BRDA:17,5,0,1
BRDA:17,5,1,7
BRF:12
BRH:11
end_of_record
TN:
SF:src/server/utils/models/PermanentCartModel.js
FN:4,(anonymous_0)
FN:7,(anonymous_1)
FN:10,(anonymous_2)
FN:16,(anonymous_3)
FN:22,(anonymous_4)
FN:28,(anonymous_5)
FNF:6
FNH:1
FNDA:1,(anonymous_0)
FNDA:0,(anonymous_1)
FNDA:0,(anonymous_2)
FNDA:0,(anonymous_3)
FNDA:0,(anonymous_4)
FNDA:0,(anonymous_5)
DA:1,1
DA:5,1
DA:6,1
DA:7,1
DA:11,0
DA:17,0
DA:23,0
DA:29,0
DA:35,1
LF:9
LH:5
BRF:0
BRH:0
end_of_record
TN:
SF:src/server/utils/models/quantityModel.js
FN:4,(anonymous_0)
FN:7,(anonymous_1)
FN:10,(anonymous_2)
FN:16,(anonymous_3)
FN:22,(anonymous_4)
FN:28,(anonymous_5)
FNF:6
FNH:5
FNDA:1,(anonymous_0)
FNDA:0,(anonymous_1)
FNDA:3,(anonymous_2)
FNDA:1,(anonymous_3)
FNDA:1,(anonymous_4)
FNDA:4,(anonymous_5)
DA:1,1
DA:5,1
DA:6,1
DA:7,1
DA:11,3
DA:17,1
DA:23,1
DA:29,4
DA:35,1
LF:9
LH:9
BRF:0
BRH:0
end_of_record
TN:
SF:src/server/utils/models/userModel.js
FN:4,(anonymous_0)
FN:7,(anonymous_1)
FN:10,(anonymous_2)
FN:14,(anonymous_3)
FN:18,(anonymous_4)
FN:24,(anonymous_5)
FN:30,(anonymous_6)
FNF:7
FNH:4
FNDA:4,(anonymous_0)
FNDA:0,(anonymous_1)
FNDA:94,(anonymous_2)
FNDA:0,(anonymous_3)
FNDA:20,(anonymous_4)
FNDA:17,(anonymous_5)
FNDA:0,(anonymous_6)
DA:1,3
DA:5,4
DA:6,4
DA:7,4
DA:11,94
DA:15,0
DA:19,20
DA:25,17
DA:31,0
DA:37,3
LF:10
LH:8
BRF:0
BRH:0
end_of_record
